-*- mode: compilation; default-directory: "~/code-trex/src/pipeline/src/java/misc/" -*-
Compilation started at Wed Jan 27 17:56:21

pljava --source=WaitLocker.java -- unfair 10 10
Using debug port (45140).
Listening for transport dt_socket at address: 45140
------------------------------------------------
  Unfair Requested Policy
  Unfair Actual Policy
  1 Write Lock, 9 Read Locks
  10 Iterations
------------------------------------------------
Waiting for Task [0]...
1264643783197 2010-01-27 17:56:23  Acquiring ReadLock[9]...
1264643783196 2010-01-27 17:56:23  Acquiring ReadLock[8]...
1264643783196 2010-01-27 17:56:23  Acquiring ReadLock[7]...
1264643783190 2010-01-27 17:56:23  Acquiring ReadLock[5]...
1264643783186 2010-01-27 17:56:23  Acquiring ReadLock[4]...
1264643783185 2010-01-27 17:56:23  Acquiring ReadLock[3]...
1264643783197 2010-01-27 17:56:23  Acquiring ReadLock[6]...
1264643783185 2010-01-27 17:56:23  Acquiring ReadLock[2]...
1264643783185 2010-01-27 17:56:23  Sleeping WriteLock[0] for 1360ms
1264643783198 2010-01-27 17:56:23    Locked ReadLock[2]
1264643783198 2010-01-27 17:56:23    Sleeping ReadLock[2] for 13475ms
1264643783198 2010-01-27 17:56:23    Locked ReadLock[5]
1264643783198 2010-01-27 17:56:23    Locked ReadLock[6]
1264643783198 2010-01-27 17:56:23    Sleeping ReadLock[5] for 4148ms
1264643783198 2010-01-27 17:56:23    Sleeping ReadLock[6] for 7316ms
1264643783185 2010-01-27 17:56:23  Acquiring ReadLock[1]...
1264643783198 2010-01-27 17:56:23    Locked ReadLock[7]
1264643783198 2010-01-27 17:56:23    Locked ReadLock[1]
1264643783198 2010-01-27 17:56:23    Sleeping ReadLock[7] for 10649ms
1264643783198 2010-01-27 17:56:23    Sleeping ReadLock[1] for 323ms
1264643783198 2010-01-27 17:56:23    Locked ReadLock[4]
1264643783198 2010-01-27 17:56:23    Locked ReadLock[3]
1264643783198 2010-01-27 17:56:23    Sleeping ReadLock[4] for 12752ms
1264643783198 2010-01-27 17:56:23    Sleeping ReadLock[3] for 4869ms
1264643783198 2010-01-27 17:56:23    Locked ReadLock[8]
1264643783198 2010-01-27 17:56:23    Sleeping ReadLock[8] for 8765ms
1264643783198 2010-01-27 17:56:23    Locked ReadLock[9]
1264643783198 2010-01-27 17:56:23    Sleeping ReadLock[9] for 11665ms
1264643783521 2010-01-27 17:56:23  Released ReadLock[1]
1264643783521 2010-01-27 17:56:23  Acquiring ReadLock[1]...
1264643783521 2010-01-27 17:56:23    Locked ReadLock[1]
1264643783521 2010-01-27 17:56:23    Sleeping ReadLock[1] for 11868ms
1264643784558 2010-01-27 17:56:24  Acquiring WriteLock[0]...
1264643787346 2010-01-27 17:56:27  Released ReadLock[5]
1264643787346 2010-01-27 17:56:27  Acquiring ReadLock[5]...
1264643788067 2010-01-27 17:56:28  Released ReadLock[3]
1264643788067 2010-01-27 17:56:28  Acquiring ReadLock[3]...
1264643790514 2010-01-27 17:56:30  Released ReadLock[6]
1264643790514 2010-01-27 17:56:30  Acquiring ReadLock[6]...
1264643791963 2010-01-27 17:56:31  Released ReadLock[8]
1264643791963 2010-01-27 17:56:31  Acquiring ReadLock[8]...
1264643793847 2010-01-27 17:56:33  Released ReadLock[7]
1264643793847 2010-01-27 17:56:33  Acquiring ReadLock[7]...
1264643794863 2010-01-27 17:56:34  Released ReadLock[9]
1264643794863 2010-01-27 17:56:34  Acquiring ReadLock[9]...
1264643795389 2010-01-27 17:56:35  Released ReadLock[1]
1264643795389 2010-01-27 17:56:35  Acquiring ReadLock[1]...
1264643795950 2010-01-27 17:56:35  Released ReadLock[4]
1264643795950 2010-01-27 17:56:35  Acquiring ReadLock[4]...
1264643796673 2010-01-27 17:56:36  Released ReadLock[2]
1264643796673 2010-01-27 17:56:36  Acquiring ReadLock[2]...
1264643796673 2010-01-27 17:56:36    Locked WriteLock[0]
1264643796673 2010-01-27 17:56:36    Sleeping WriteLock[0] for 10948ms
1264643807621 2010-01-27 17:56:47    Locked ReadLock[5]
1264643807621 2010-01-27 17:56:47  Released WriteLock[0]
1264643807621 2010-01-27 17:56:47    Sleeping ReadLock[5] for 7507ms
1264643807621 2010-01-27 17:56:47  Sleeping WriteLock[0] for 3029ms
1264643807621 2010-01-27 17:56:47    Locked ReadLock[3]
1264643807622 2010-01-27 17:56:47    Locked ReadLock[6]
1264643807622 2010-01-27 17:56:47    Sleeping ReadLock[3] for 6994ms
1264643807622 2010-01-27 17:56:47    Sleeping ReadLock[6] for 14543ms
1264643807622 2010-01-27 17:56:47    Locked ReadLock[7]
1264643807622 2010-01-27 17:56:47    Locked ReadLock[9]
1264643807622 2010-01-27 17:56:47    Sleeping ReadLock[7] for 13190ms
1264643807622 2010-01-27 17:56:47    Locked ReadLock[8]
1264643807622 2010-01-27 17:56:47    Sleeping ReadLock[9] for 6591ms
1264643807622 2010-01-27 17:56:47    Sleeping ReadLock[8] for 2259ms
1264643807622 2010-01-27 17:56:47    Locked ReadLock[1]
1264643807622 2010-01-27 17:56:47    Sleeping ReadLock[1] for 11199ms
1264643807622 2010-01-27 17:56:47    Locked ReadLock[4]
1264643807622 2010-01-27 17:56:47    Sleeping ReadLock[4] for 7103ms
1264643807622 2010-01-27 17:56:47    Locked ReadLock[2]
1264643807622 2010-01-27 17:56:47    Sleeping ReadLock[2] for 334ms
1264643807956 2010-01-27 17:56:47  Released ReadLock[2]
1264643807956 2010-01-27 17:56:47  Acquiring ReadLock[2]...
1264643807956 2010-01-27 17:56:47    Locked ReadLock[2]
1264643807956 2010-01-27 17:56:47    Sleeping ReadLock[2] for 12ms
1264643807969 2010-01-27 17:56:47  Released ReadLock[2]
1264643807969 2010-01-27 17:56:47  Acquiring ReadLock[2]...
1264643807969 2010-01-27 17:56:47    Locked ReadLock[2]
1264643807969 2010-01-27 17:56:47    Sleeping ReadLock[2] for 4833ms
1264643809881 2010-01-27 17:56:49  Released ReadLock[8]
1264643809881 2010-01-27 17:56:49  Acquiring ReadLock[8]...
1264643809881 2010-01-27 17:56:49    Locked ReadLock[8]
1264643809881 2010-01-27 17:56:49    Sleeping ReadLock[8] for 8443ms
1264643810651 2010-01-27 17:56:50  Acquiring WriteLock[0]...
1264643812802 2010-01-27 17:56:52  Released ReadLock[2]
1264643812802 2010-01-27 17:56:52  Acquiring ReadLock[2]...
1264643814213 2010-01-27 17:56:54  Released ReadLock[9]
1264643814213 2010-01-27 17:56:54  Acquiring ReadLock[9]...
1264643814616 2010-01-27 17:56:54  Released ReadLock[3]
1264643814616 2010-01-27 17:56:54  Acquiring ReadLock[3]...
1264643814725 2010-01-27 17:56:54  Released ReadLock[4]
1264643814725 2010-01-27 17:56:54  Acquiring ReadLock[4]...
1264643815129 2010-01-27 17:56:55  Released ReadLock[5]
1264643815129 2010-01-27 17:56:55  Acquiring ReadLock[5]...
1264643818324 2010-01-27 17:56:58  Released ReadLock[8]
1264643818324 2010-01-27 17:56:58  Acquiring ReadLock[8]...
1264643818821 2010-01-27 17:56:58  Released ReadLock[1]
1264643818821 2010-01-27 17:56:58  Acquiring ReadLock[1]...
1264643820812 2010-01-27 17:57:00  Released ReadLock[7]
1264643820812 2010-01-27 17:57:00  Acquiring ReadLock[7]...
1264643822165 2010-01-27 17:57:02  Released ReadLock[6]
1264643822165 2010-01-27 17:57:02  Acquiring ReadLock[6]...
1264643822168 2010-01-27 17:57:02    Locked WriteLock[0]
1264643822168 2010-01-27 17:57:02    Sleeping WriteLock[0] for 11447ms
1264643833615 2010-01-27 17:57:13  Released WriteLock[0]
1264643833616 2010-01-27 17:57:13    Locked ReadLock[9]
1264643833616 2010-01-27 17:57:13    Sleeping ReadLock[9] for 7537ms
1264643833615 2010-01-27 17:57:13    Locked ReadLock[2]
1264643833616 2010-01-27 17:57:13  Sleeping WriteLock[0] for 3515ms
1264643833616 2010-01-27 17:57:13    Sleeping ReadLock[2] for 12201ms
1264643833618 2010-01-27 17:57:13    Locked ReadLock[3]
1264643833618 2010-01-27 17:57:13    Sleeping ReadLock[3] for 8436ms
1264643833618 2010-01-27 17:57:13    Locked ReadLock[4]
1264643833618 2010-01-27 17:57:13    Sleeping ReadLock[4] for 10567ms
1264643833618 2010-01-27 17:57:13    Locked ReadLock[5]
1264643833618 2010-01-27 17:57:13    Sleeping ReadLock[5] for 3690ms
1264643833618 2010-01-27 17:57:13    Locked ReadLock[8]
1264643833618 2010-01-27 17:57:13    Sleeping ReadLock[8] for 3149ms
1264643833618 2010-01-27 17:57:13    Locked ReadLock[1]
1264643833618 2010-01-27 17:57:13    Sleeping ReadLock[1] for 11618ms
1264643833618 2010-01-27 17:57:13    Locked ReadLock[7]
1264643833618 2010-01-27 17:57:13    Sleeping ReadLock[7] for 4386ms
1264643833618 2010-01-27 17:57:13    Locked ReadLock[6]
1264643833619 2010-01-27 17:57:13    Sleeping ReadLock[6] for 9818ms
1264643836767 2010-01-27 17:57:16  Released ReadLock[8]
1264643836767 2010-01-27 17:57:16  Acquiring ReadLock[8]...
1264643836767 2010-01-27 17:57:16    Locked ReadLock[8]
1264643836768 2010-01-27 17:57:16    Sleeping ReadLock[8] for 7854ms
1264643837131 2010-01-27 17:57:17  Acquiring WriteLock[0]...
1264643837308 2010-01-27 17:57:17  Released ReadLock[5]
1264643837308 2010-01-27 17:57:17  Acquiring ReadLock[5]...
1264643838004 2010-01-27 17:57:18  Released ReadLock[7]
1264643838005 2010-01-27 17:57:18  Acquiring ReadLock[7]...
1264643841153 2010-01-27 17:57:21  Released ReadLock[9]
1264643841153 2010-01-27 17:57:21  Acquiring ReadLock[9]...
1264643842054 2010-01-27 17:57:22  Released ReadLock[3]
1264643842054 2010-01-27 17:57:22  Acquiring ReadLock[3]...
1264643843437 2010-01-27 17:57:23  Released ReadLock[6]
1264643843437 2010-01-27 17:57:23  Acquiring ReadLock[6]...
1264643844185 2010-01-27 17:57:24  Released ReadLock[4]
1264643844185 2010-01-27 17:57:24  Acquiring ReadLock[4]...
1264643844622 2010-01-27 17:57:24  Released ReadLock[8]
1264643844622 2010-01-27 17:57:24  Acquiring ReadLock[8]...
1264643845236 2010-01-27 17:57:25  Released ReadLock[1]
1264643845236 2010-01-27 17:57:25  Acquiring ReadLock[1]...
1264643845817 2010-01-27 17:57:25  Released ReadLock[2]
1264643845817 2010-01-27 17:57:25    Locked WriteLock[0]
1264643845817 2010-01-27 17:57:25    Sleeping WriteLock[0] for 6053ms
1264643845817 2010-01-27 17:57:25  Acquiring ReadLock[2]...
1264643851870 2010-01-27 17:57:31  Released WriteLock[0]
1264643851870 2010-01-27 17:57:31    Locked ReadLock[5]
1264643851870 2010-01-27 17:57:31  Sleeping WriteLock[0] for 4491ms
1264643851870 2010-01-27 17:57:31    Sleeping ReadLock[5] for 8092ms
1264643851871 2010-01-27 17:57:31    Locked ReadLock[7]
1264643851871 2010-01-27 17:57:31    Sleeping ReadLock[7] for 13190ms
1264643851871 2010-01-27 17:57:31    Locked ReadLock[9]
1264643851871 2010-01-27 17:57:31    Sleeping ReadLock[9] for 6947ms
1264643851871 2010-01-27 17:57:31    Locked ReadLock[3]
1264643851871 2010-01-27 17:57:31    Sleeping ReadLock[3] for 7075ms
1264643851871 2010-01-27 17:57:31    Locked ReadLock[6]
1264643851871 2010-01-27 17:57:31    Sleeping ReadLock[6] for 14793ms
1264643851871 2010-01-27 17:57:31    Locked ReadLock[4]
1264643851871 2010-01-27 17:57:31    Sleeping ReadLock[4] for 2416ms
1264643851871 2010-01-27 17:57:31    Locked ReadLock[8]
1264643851871 2010-01-27 17:57:31    Sleeping ReadLock[8] for 5172ms
1264643851871 2010-01-27 17:57:31    Locked ReadLock[1]
1264643851871 2010-01-27 17:57:31    Locked ReadLock[2]
1264643851871 2010-01-27 17:57:31    Sleeping ReadLock[1] for 3665ms
1264643851871 2010-01-27 17:57:31    Sleeping ReadLock[2] for 2789ms
1264643854287 2010-01-27 17:57:34  Released ReadLock[4]
1264643854287 2010-01-27 17:57:34  Acquiring ReadLock[4]...
1264643854287 2010-01-27 17:57:34    Locked ReadLock[4]
1264643854287 2010-01-27 17:57:34    Sleeping ReadLock[4] for 14123ms
1264643854660 2010-01-27 17:57:34  Released ReadLock[2]
1264643854661 2010-01-27 17:57:34  Acquiring ReadLock[2]...
1264643854661 2010-01-27 17:57:34    Locked ReadLock[2]
1264643854661 2010-01-27 17:57:34    Sleeping ReadLock[2] for 5250ms
1264643855536 2010-01-27 17:57:35  Released ReadLock[1]
1264643855537 2010-01-27 17:57:35  Acquiring ReadLock[1]...
1264643855537 2010-01-27 17:57:35    Locked ReadLock[1]
1264643855537 2010-01-27 17:57:35    Sleeping ReadLock[1] for 5205ms
1264643856361 2010-01-27 17:57:36  Acquiring WriteLock[0]...
1264643857043 2010-01-27 17:57:37  Released ReadLock[8]
1264643857043 2010-01-27 17:57:37  Acquiring ReadLock[8]...
1264643858818 2010-01-27 17:57:38  Released ReadLock[9]
1264643858818 2010-01-27 17:57:38  Acquiring ReadLock[9]...
1264643858946 2010-01-27 17:57:38  Released ReadLock[3]
1264643858946 2010-01-27 17:57:38  Acquiring ReadLock[3]...
1264643859911 2010-01-27 17:57:39  Released ReadLock[2]
1264643859911 2010-01-27 17:57:39  Acquiring ReadLock[2]...
1264643859963 2010-01-27 17:57:39  Released ReadLock[5]
1264643859963 2010-01-27 17:57:39  Acquiring ReadLock[5]...
1264643860742 2010-01-27 17:57:40  Released ReadLock[1]
1264643860742 2010-01-27 17:57:40  Acquiring ReadLock[1]...
1264643865061 2010-01-27 17:57:45  Released ReadLock[7]
1264643865061 2010-01-27 17:57:45  Acquiring ReadLock[7]...
1264643866664 2010-01-27 17:57:46  Released ReadLock[6]
1264643866664 2010-01-27 17:57:46  Acquiring ReadLock[6]...
1264643868411 2010-01-27 17:57:48  Released ReadLock[4]
1264643868411 2010-01-27 17:57:48    Locked WriteLock[0]
1264643868411 2010-01-27 17:57:48  Acquiring ReadLock[4]...
1264643868411 2010-01-27 17:57:48    Sleeping WriteLock[0] for 4761ms
1264643873172 2010-01-27 17:57:53  Released WriteLock[0]
1264643873172 2010-01-27 17:57:53    Locked ReadLock[9]
1264643873172 2010-01-27 17:57:53    Sleeping ReadLock[9] for 2293ms
1264643873172 2010-01-27 17:57:53    Locked ReadLock[8]
1264643873172 2010-01-27 17:57:53  Sleeping WriteLock[0] for 3719ms
1264643873172 2010-01-27 17:57:53    Sleeping ReadLock[8] for 4782ms
1264643873172 2010-01-27 17:57:53    Locked ReadLock[3]
1264643873172 2010-01-27 17:57:53    Locked ReadLock[2]
1264643873172 2010-01-27 17:57:53    Sleeping ReadLock[3] for 10501ms
1264643873172 2010-01-27 17:57:53    Sleeping ReadLock[2] for 3238ms
1264643873172 2010-01-27 17:57:53    Locked ReadLock[5]
1264643873172 2010-01-27 17:57:53    Sleeping ReadLock[5] for 3402ms
1264643873172 2010-01-27 17:57:53    Locked ReadLock[1]
1264643873173 2010-01-27 17:57:53    Sleeping ReadLock[1] for 9802ms
1264643873173 2010-01-27 17:57:53    Locked ReadLock[7]
1264643873173 2010-01-27 17:57:53    Sleeping ReadLock[7] for 12191ms
1264643873173 2010-01-27 17:57:53    Locked ReadLock[6]
1264643873173 2010-01-27 17:57:53    Sleeping ReadLock[6] for 13745ms
1264643873173 2010-01-27 17:57:53    Locked ReadLock[4]
1264643873173 2010-01-27 17:57:53    Sleeping ReadLock[4] for 2736ms
1264643875465 2010-01-27 17:57:55  Released ReadLock[9]
1264643875465 2010-01-27 17:57:55  Acquiring ReadLock[9]...
1264643875465 2010-01-27 17:57:55    Locked ReadLock[9]
1264643875465 2010-01-27 17:57:55    Sleeping ReadLock[9] for 12729ms
1264643875909 2010-01-27 17:57:55  Released ReadLock[4]
1264643875909 2010-01-27 17:57:55  Acquiring ReadLock[4]...
1264643875909 2010-01-27 17:57:55    Locked ReadLock[4]
1264643875909 2010-01-27 17:57:55    Sleeping ReadLock[4] for 12567ms
1264643876410 2010-01-27 17:57:56  Released ReadLock[2]
1264643876411 2010-01-27 17:57:56  Acquiring ReadLock[2]...
1264643876411 2010-01-27 17:57:56    Locked ReadLock[2]
1264643876411 2010-01-27 17:57:56    Sleeping ReadLock[2] for 6899ms
1264643876574 2010-01-27 17:57:56  Released ReadLock[5]
1264643876575 2010-01-27 17:57:56  Acquiring ReadLock[5]...
1264643876575 2010-01-27 17:57:56    Locked ReadLock[5]
1264643876575 2010-01-27 17:57:56    Sleeping ReadLock[5] for 966ms
1264643876891 2010-01-27 17:57:56  Acquiring WriteLock[0]...
1264643877541 2010-01-27 17:57:57  Released ReadLock[5]
1264643877541 2010-01-27 17:57:57  Acquiring ReadLock[5]...
1264643877954 2010-01-27 17:57:57  Released ReadLock[8]
1264643877954 2010-01-27 17:57:57  Acquiring ReadLock[8]...
1264643882975 2010-01-27 17:58:02  Released ReadLock[1]
1264643882975 2010-01-27 17:58:02  Acquiring ReadLock[1]...
1264643883310 2010-01-27 17:58:03  Released ReadLock[2]
1264643883310 2010-01-27 17:58:03  Acquiring ReadLock[2]...
1264643883673 2010-01-27 17:58:03  Released ReadLock[3]
1264643883673 2010-01-27 17:58:03  Acquiring ReadLock[3]...
1264643885364 2010-01-27 17:58:05  Released ReadLock[7]
1264643885364 2010-01-27 17:58:05  Acquiring ReadLock[7]...
1264643886918 2010-01-27 17:58:06  Released ReadLock[6]
1264643886918 2010-01-27 17:58:06  Acquiring ReadLock[6]...
1264643888194 2010-01-27 17:58:08  Released ReadLock[9]
1264643888195 2010-01-27 17:58:08  Acquiring ReadLock[9]...
1264643888476 2010-01-27 17:58:08  Released ReadLock[4]
1264643888476 2010-01-27 17:58:08  Acquiring ReadLock[4]...
1264643888476 2010-01-27 17:58:08    Locked WriteLock[0]
1264643888476 2010-01-27 17:58:08    Sleeping WriteLock[0] for 12854ms
1264643901331 2010-01-27 17:58:21  Released WriteLock[0]
1264643901331 2010-01-27 17:58:21    Locked ReadLock[5]
1264643901331 2010-01-27 17:58:21  Sleeping WriteLock[0] for 1077ms
1264643901331 2010-01-27 17:58:21    Sleeping ReadLock[5] for 6912ms
1264643901331 2010-01-27 17:58:21    Locked ReadLock[8]
1264643901331 2010-01-27 17:58:21    Sleeping ReadLock[8] for 1158ms
1264643901331 2010-01-27 17:58:21    Locked ReadLock[1]
1264643901331 2010-01-27 17:58:21    Sleeping ReadLock[1] for 493ms
1264643901335 2010-01-27 17:58:21    Locked ReadLock[2]
1264643901335 2010-01-27 17:58:21    Sleeping ReadLock[2] for 5273ms
1264643901335 2010-01-27 17:58:21    Locked ReadLock[6]
1264643901335 2010-01-27 17:58:21    Sleeping ReadLock[6] for 11678ms
1264643901335 2010-01-27 17:58:21    Locked ReadLock[9]
1264643901335 2010-01-27 17:58:21    Sleeping ReadLock[9] for 132ms
1264643901335 2010-01-27 17:58:21    Locked ReadLock[4]
1264643901335 2010-01-27 17:58:21    Sleeping ReadLock[4] for 6449ms
1264643901335 2010-01-27 17:58:21    Locked ReadLock[7]
1264643901335 2010-01-27 17:58:21    Sleeping ReadLock[7] for 3723ms
1264643901335 2010-01-27 17:58:21    Locked ReadLock[3]
1264643901335 2010-01-27 17:58:21    Sleeping ReadLock[3] for 3064ms
1264643901467 2010-01-27 17:58:21  Released ReadLock[9]
1264643901467 2010-01-27 17:58:21  Acquiring ReadLock[9]...
1264643901467 2010-01-27 17:58:21    Locked ReadLock[9]
1264643901467 2010-01-27 17:58:21    Sleeping ReadLock[9] for 10440ms
1264643901824 2010-01-27 17:58:21  Released ReadLock[1]
1264643901824 2010-01-27 17:58:21  Acquiring ReadLock[1]...
1264643901824 2010-01-27 17:58:21    Locked ReadLock[1]
1264643901824 2010-01-27 17:58:21    Sleeping ReadLock[1] for 2589ms
1264643902408 2010-01-27 17:58:22  Acquiring WriteLock[0]...
1264643902489 2010-01-27 17:58:22  Released ReadLock[8]
1264643902489 2010-01-27 17:58:22  Acquiring ReadLock[8]...
1264643904399 2010-01-27 17:58:24  Released ReadLock[3]
1264643904400 2010-01-27 17:58:24  Acquiring ReadLock[3]...
1264643904413 2010-01-27 17:58:24  Released ReadLock[1]
1264643904413 2010-01-27 17:58:24  Acquiring ReadLock[1]...
1264643905058 2010-01-27 17:58:25  Released ReadLock[7]
1264643905058 2010-01-27 17:58:25  Acquiring ReadLock[7]...
1264643906608 2010-01-27 17:58:26  Released ReadLock[2]
1264643907784 2010-01-27 17:58:27  Released ReadLock[4]
1264643907784 2010-01-27 17:58:27  Acquiring ReadLock[4]...
1264643908243 2010-01-27 17:58:28  Released ReadLock[5]
1264643908243 2010-01-27 17:58:28  Acquiring ReadLock[5]...
1264643911907 2010-01-27 17:58:31  Released ReadLock[9]
1264643911907 2010-01-27 17:58:31  Acquiring ReadLock[9]...
1264643913013 2010-01-27 17:58:33  Released ReadLock[6]
1264643913013 2010-01-27 17:58:33  Acquiring ReadLock[6]...
1264643913013 2010-01-27 17:58:33    Locked WriteLock[0]
1264643913016 2010-01-27 17:58:33    Sleeping WriteLock[0] for 12677ms
1264643925693 2010-01-27 17:58:45  Released WriteLock[0]
1264643925693 2010-01-27 17:58:45    Locked ReadLock[8]
1264643925693 2010-01-27 17:58:45  Sleeping WriteLock[0] for 2473ms
1264643925693 2010-01-27 17:58:45    Sleeping ReadLock[8] for 12413ms
1264643925693 2010-01-27 17:58:45    Locked ReadLock[3]
1264643925693 2010-01-27 17:58:45    Sleeping ReadLock[3] for 7380ms
1264643925694 2010-01-27 17:58:45    Locked ReadLock[1]
1264643925694 2010-01-27 17:58:45    Sleeping ReadLock[1] for 14459ms
1264643925694 2010-01-27 17:58:45    Locked ReadLock[7]
1264643925694 2010-01-27 17:58:45    Sleeping ReadLock[7] for 968ms
1264643925694 2010-01-27 17:58:45    Locked ReadLock[4]
1264643925694 2010-01-27 17:58:45    Sleeping ReadLock[4] for 8052ms
1264643925694 2010-01-27 17:58:45    Locked ReadLock[5]
1264643925694 2010-01-27 17:58:45    Sleeping ReadLock[5] for 10951ms
1264643925694 2010-01-27 17:58:45    Locked ReadLock[9]
1264643925694 2010-01-27 17:58:45    Sleeping ReadLock[9] for 7089ms
1264643925694 2010-01-27 17:58:45    Locked ReadLock[6]
1264643925694 2010-01-27 17:58:45    Sleeping ReadLock[6] for 13539ms
1264643926662 2010-01-27 17:58:46  Released ReadLock[7]
1264643926662 2010-01-27 17:58:46  Acquiring ReadLock[7]...
1264643926662 2010-01-27 17:58:46    Locked ReadLock[7]
1264643926662 2010-01-27 17:58:46    Sleeping ReadLock[7] for 726ms
1264643927388 2010-01-27 17:58:47  Released ReadLock[7]
1264643927388 2010-01-27 17:58:47  Acquiring ReadLock[7]...
1264643927388 2010-01-27 17:58:47    Locked ReadLock[7]
1264643927388 2010-01-27 17:58:47    Sleeping ReadLock[7] for 8196ms
1264643928166 2010-01-27 17:58:48  Acquiring WriteLock[0]...
1264643932783 2010-01-27 17:58:52  Released ReadLock[9]
1264643932783 2010-01-27 17:58:52  Acquiring ReadLock[9]...
1264643933074 2010-01-27 17:58:53  Released ReadLock[3]
1264643933074 2010-01-27 17:58:53  Acquiring ReadLock[3]...
1264643933746 2010-01-27 17:58:53  Released ReadLock[4]
1264643933746 2010-01-27 17:58:53  Acquiring ReadLock[4]...
1264643935584 2010-01-27 17:58:55  Released ReadLock[7]
1264643935584 2010-01-27 17:58:55  Acquiring ReadLock[7]...
1264643936645 2010-01-27 17:58:56  Released ReadLock[5]
1264643936645 2010-01-27 17:58:56  Acquiring ReadLock[5]...
1264643938106 2010-01-27 17:58:58  Released ReadLock[8]
1264643938106 2010-01-27 17:58:58  Acquiring ReadLock[8]...
1264643939233 2010-01-27 17:58:59  Released ReadLock[6]
1264643939233 2010-01-27 17:58:59  Acquiring ReadLock[6]...
1264643940153 2010-01-27 17:59:00  Released ReadLock[1]
1264643940153 2010-01-27 17:59:00    Locked WriteLock[0]
1264643940153 2010-01-27 17:59:00    Sleeping WriteLock[0] for 9262ms
1264643949415 2010-01-27 17:59:09  Released WriteLock[0]
1264643949415 2010-01-27 17:59:09    Locked ReadLock[9]
1264643949415 2010-01-27 17:59:09  Sleeping WriteLock[0] for 1095ms
1264643949415 2010-01-27 17:59:09    Sleeping ReadLock[9] for 8337ms
1264643949415 2010-01-27 17:59:09    Locked ReadLock[3]
1264643949415 2010-01-27 17:59:09    Sleeping ReadLock[3] for 14815ms
1264643949415 2010-01-27 17:59:09    Locked ReadLock[4]
1264643949415 2010-01-27 17:59:09    Sleeping ReadLock[4] for 5921ms
1264643949415 2010-01-27 17:59:09    Locked ReadLock[7]
1264643949416 2010-01-27 17:59:09    Sleeping ReadLock[7] for 12298ms
1264643949416 2010-01-27 17:59:09    Locked ReadLock[5]
1264643949416 2010-01-27 17:59:09    Sleeping ReadLock[5] for 8226ms
1264643949416 2010-01-27 17:59:09    Locked ReadLock[8]
1264643949416 2010-01-27 17:59:09    Sleeping ReadLock[8] for 1235ms
1264643949416 2010-01-27 17:59:09    Locked ReadLock[6]
1264643949416 2010-01-27 17:59:09    Sleeping ReadLock[6] for 7815ms
1264643950510 2010-01-27 17:59:10  Acquiring WriteLock[0]...
1264643950651 2010-01-27 17:59:10  Released ReadLock[8]
1264643955336 2010-01-27 17:59:15  Released ReadLock[4]
1264643957231 2010-01-27 17:59:17  Released ReadLock[6]
1264643957231 2010-01-27 17:59:17  Acquiring ReadLock[6]...
1264643957642 2010-01-27 17:59:17  Released ReadLock[5]
1264643957642 2010-01-27 17:59:17  Acquiring ReadLock[5]...
1264643957752 2010-01-27 17:59:17  Released ReadLock[9]
1264643961714 2010-01-27 17:59:21  Released ReadLock[7]
1264643964230 2010-01-27 17:59:24  Released ReadLock[3]
1264643964231 2010-01-27 17:59:24  Acquiring ReadLock[3]...
1264643964230 2010-01-27 17:59:24    Locked WriteLock[0]
1264643964231 2010-01-27 17:59:24    Sleeping WriteLock[0] for 13844ms
1264643978075 2010-01-27 17:59:38  Released WriteLock[0]
1264643978075 2010-01-27 17:59:38    Locked ReadLock[6]
1264643978075 2010-01-27 17:59:38  Sleeping WriteLock[0] for 84ms
1264643978075 2010-01-27 17:59:38    Sleeping ReadLock[6] for 3736ms
1264643978076 2010-01-27 17:59:38    Locked ReadLock[5]
1264643978076 2010-01-27 17:59:38    Sleeping ReadLock[5] for 2859ms
1264643978076 2010-01-27 17:59:38    Locked ReadLock[3]
1264643978076 2010-01-27 17:59:38    Sleeping ReadLock[3] for 12293ms
1264643978160 2010-01-27 17:59:38  Acquiring WriteLock[0]...
1264643980935 2010-01-27 17:59:40  Released ReadLock[5]
1264643981812 2010-01-27 17:59:41  Released ReadLock[6]
1264643981812 2010-01-27 17:59:41  Acquiring ReadLock[6]...
1264643990369 2010-01-27 17:59:50  Released ReadLock[3]
1264643990369 2010-01-27 17:59:50  Acquiring ReadLock[3]...
1264643990369 2010-01-27 17:59:50    Locked WriteLock[0]
1264643990370 2010-01-27 17:59:50    Sleeping WriteLock[0] for 7875ms
1264643998245 2010-01-27 17:59:58  Released WriteLock[0]
1264643998245 2010-01-27 17:59:58    Locked ReadLock[3]
1264643998245 2010-01-27 17:59:58    Sleeping ReadLock[3] for 1014ms
1264643998245 2010-01-27 17:59:58    Locked ReadLock[6]
1264643998245 2010-01-27 17:59:58    Sleeping ReadLock[6] for 6237ms
1264643998245 2010-01-27 17:59:58  Sleeping WriteLock[0] for 2241ms
1264643999259 2010-01-27 17:59:59  Released ReadLock[3]
1264644000489 2010-01-27 18:00:00  Acquiring WriteLock[0]...
1264644004482 2010-01-27 18:00:04  Released ReadLock[6]
1264644004482 2010-01-27 18:00:04    Locked WriteLock[0]
1264644004482 2010-01-27 18:00:04    Sleeping WriteLock[0] for 12320ms
1264644016803 2010-01-27 18:00:16  Released WriteLock[0]
Waiting for Task [1]...
Waiting for Task [2]...
Waiting for Task [3]...
Waiting for Task [4]...
Waiting for Task [5]...
Waiting for Task [6]...
Waiting for Task [7]...
Waiting for Task [8]...
Waiting for Task [9]...

Compilation finished at Wed Jan 27 18:00:17
