-*- mode: compilation; default-directory: "~/code-trex/src/pipeline/src/java/misc/" -*-
Compilation started at Wed Jan 27 17:51:46

pljava --source=WaitLocker.java -- fair 10 10
Using debug port (45140).
Listening for transport dt_socket at address: 45140
------------------------------------------------
  Fair Requested Policy
  Fair Actual Policy
  1 Write Lock, 9 Read Locks
  10 Iterations
------------------------------------------------
1264643507414 2010-01-27 17:51:47  Acquiring ReadLock[2]...
1264643507414 2010-01-27 17:51:47  Acquiring ReadLock[1]...
1264643507421 2010-01-27 17:51:47    Locked ReadLock[2]
1264643507421 2010-01-27 17:51:47    Locked ReadLock[1]
1264643507421 2010-01-27 17:51:47    Sleeping ReadLock[2] for 11985ms
1264643507420 2010-01-27 17:51:47  Acquiring ReadLock[4]...
1264643507421 2010-01-27 17:51:47    Sleeping ReadLock[1] for 7351ms
1264643507415 2010-01-27 17:51:47  Acquiring ReadLock[3]...
1264643507421 2010-01-27 17:51:47    Locked ReadLock[3]
1264643507421 2010-01-27 17:51:47    Locked ReadLock[4]
1264643507421 2010-01-27 17:51:47    Sleeping ReadLock[3] for 10048ms
1264643507421 2010-01-27 17:51:47    Sleeping ReadLock[4] for 14425ms
1264643507414 2010-01-27 17:51:47  Sleeping WriteLock[0] for 1360ms
1264643507421 2010-01-27 17:51:47  Acquiring ReadLock[5]...
1264643507421 2010-01-27 17:51:47    Locked ReadLock[5]
1264643507421 2010-01-27 17:51:47    Sleeping ReadLock[5] for 884ms
1264643507421 2010-01-27 17:51:47  Acquiring ReadLock[6]...
1264643507421 2010-01-27 17:51:47    Locked ReadLock[6]
1264643507421 2010-01-27 17:51:47  Acquiring ReadLock[7]...
1264643507421 2010-01-27 17:51:47    Sleeping ReadLock[6] for 12512ms
1264643507421 2010-01-27 17:51:47    Locked ReadLock[7]
1264643507421 2010-01-27 17:51:47    Sleeping ReadLock[7] for 5005ms
1264643507427 2010-01-27 17:51:47  Acquiring ReadLock[8]...
1264643507427 2010-01-27 17:51:47    Locked ReadLock[8]
1264643507427 2010-01-27 17:51:47    Sleeping ReadLock[8] for 5174ms
1264643507428 2010-01-27 17:51:47  Acquiring ReadLock[9]...
1264643507428 2010-01-27 17:51:47    Locked ReadLock[9]
1264643507428 2010-01-27 17:51:47    Sleeping ReadLock[9] for 3279ms
Waiting for Task [0]...
1264643508305 2010-01-27 17:51:48  Released ReadLock[5]
1264643508305 2010-01-27 17:51:48  Acquiring ReadLock[5]...
1264643508305 2010-01-27 17:51:48    Locked ReadLock[5]
1264643508305 2010-01-27 17:51:48    Sleeping ReadLock[5] for 11118ms
1264643508781 2010-01-27 17:51:48  Acquiring WriteLock[0]...
1264643510707 2010-01-27 17:51:50  Released ReadLock[9]
1264643510707 2010-01-27 17:51:50  Acquiring ReadLock[9]...
1264643512426 2010-01-27 17:51:52  Released ReadLock[7]
1264643512426 2010-01-27 17:51:52  Acquiring ReadLock[7]...
1264643512601 2010-01-27 17:51:52  Released ReadLock[8]
1264643512601 2010-01-27 17:51:52  Acquiring ReadLock[8]...
1264643514772 2010-01-27 17:51:54  Released ReadLock[1]
1264643514772 2010-01-27 17:51:54  Acquiring ReadLock[1]...
1264643517469 2010-01-27 17:51:57  Released ReadLock[3]
1264643517469 2010-01-27 17:51:57  Acquiring ReadLock[3]...
1264643519406 2010-01-27 17:51:59  Released ReadLock[2]
1264643519406 2010-01-27 17:51:59  Acquiring ReadLock[2]...
1264643519423 2010-01-27 17:51:59  Released ReadLock[5]
1264643519423 2010-01-27 17:51:59  Acquiring ReadLock[5]...
1264643519933 2010-01-27 17:51:59  Released ReadLock[6]
1264643519933 2010-01-27 17:51:59  Acquiring ReadLock[6]...
1264643521846 2010-01-27 17:52:01    Locked WriteLock[0]
1264643521846 2010-01-27 17:52:01  Released ReadLock[4]
1264643521846 2010-01-27 17:52:01    Sleeping WriteLock[0] for 10948ms
1264643521846 2010-01-27 17:52:01  Acquiring ReadLock[4]...
1264643532794 2010-01-27 17:52:12    Locked ReadLock[9]
1264643532794 2010-01-27 17:52:12  Released WriteLock[0]
1264643532794 2010-01-27 17:52:12    Sleeping ReadLock[9] for 8247ms
1264643532794 2010-01-27 17:52:12  Sleeping WriteLock[0] for 3029ms
1264643532794 2010-01-27 17:52:12    Locked ReadLock[7]
1264643532794 2010-01-27 17:52:12    Locked ReadLock[8]
1264643532794 2010-01-27 17:52:12    Sleeping ReadLock[7] for 14398ms
1264643532794 2010-01-27 17:52:12    Sleeping ReadLock[8] for 5373ms
1264643532795 2010-01-27 17:52:12    Locked ReadLock[1]
1264643532795 2010-01-27 17:52:12    Sleeping ReadLock[1] for 7086ms
1264643532795 2010-01-27 17:52:12    Locked ReadLock[3]
1264643532795 2010-01-27 17:52:12    Locked ReadLock[5]
1264643532795 2010-01-27 17:52:12    Locked ReadLock[6]
1264643532795 2010-01-27 17:52:12    Sleeping ReadLock[5] for 10780ms
1264643532795 2010-01-27 17:52:12    Sleeping ReadLock[6] for 2814ms
1264643532795 2010-01-27 17:52:12    Locked ReadLock[4]
1264643532795 2010-01-27 17:52:12    Sleeping ReadLock[3] for 7291ms
1264643532795 2010-01-27 17:52:12    Locked ReadLock[2]
1264643532795 2010-01-27 17:52:12    Sleeping ReadLock[4] for 12449ms
1264643532795 2010-01-27 17:52:12    Sleeping ReadLock[2] for 929ms
1264643533724 2010-01-27 17:52:13  Released ReadLock[2]
1264643533724 2010-01-27 17:52:13  Acquiring ReadLock[2]...
1264643533724 2010-01-27 17:52:13    Locked ReadLock[2]
1264643533724 2010-01-27 17:52:13    Sleeping ReadLock[2] for 13649ms
1264643535609 2010-01-27 17:52:15  Released ReadLock[6]
1264643535609 2010-01-27 17:52:15  Acquiring ReadLock[6]...
1264643535609 2010-01-27 17:52:15    Locked ReadLock[6]
1264643535609 2010-01-27 17:52:15    Sleeping ReadLock[6] for 11036ms
1264643535823 2010-01-27 17:52:15  Acquiring WriteLock[0]...
1264643538168 2010-01-27 17:52:18  Released ReadLock[8]
1264643538168 2010-01-27 17:52:18  Acquiring ReadLock[8]...
1264643539881 2010-01-27 17:52:19  Released ReadLock[1]
1264643539881 2010-01-27 17:52:19  Acquiring ReadLock[1]...
1264643540086 2010-01-27 17:52:20  Released ReadLock[3]
1264643540086 2010-01-27 17:52:20  Acquiring ReadLock[3]...
1264643541041 2010-01-27 17:52:21  Released ReadLock[9]
1264643541042 2010-01-27 17:52:21  Acquiring ReadLock[9]...
1264643543575 2010-01-27 17:52:23  Released ReadLock[5]
1264643543575 2010-01-27 17:52:23  Acquiring ReadLock[5]...
1264643545244 2010-01-27 17:52:25  Released ReadLock[4]
1264643545244 2010-01-27 17:52:25  Acquiring ReadLock[4]...
1264643546645 2010-01-27 17:52:26  Released ReadLock[6]
1264643546645 2010-01-27 17:52:26  Acquiring ReadLock[6]...
1264643547193 2010-01-27 17:52:27  Released ReadLock[7]
1264643547193 2010-01-27 17:52:27  Acquiring ReadLock[7]...
1264643547373 2010-01-27 17:52:27  Released ReadLock[2]
1264643547373 2010-01-27 17:52:27  Acquiring ReadLock[2]...
1264643547374 2010-01-27 17:52:27    Locked WriteLock[0]
1264643547374 2010-01-27 17:52:27    Sleeping WriteLock[0] for 11447ms
1264643558821 2010-01-27 17:52:38  Released WriteLock[0]
1264643558821 2010-01-27 17:52:38  Sleeping WriteLock[0] for 3515ms
1264643558822 2010-01-27 17:52:38    Locked ReadLock[1]
1264643558822 2010-01-27 17:52:38    Locked ReadLock[8]
1264643558822 2010-01-27 17:52:38    Sleeping ReadLock[1] for 1978ms
1264643558822 2010-01-27 17:52:38    Locked ReadLock[3]
1264643558822 2010-01-27 17:52:38    Sleeping ReadLock[8] for 13139ms
1264643558822 2010-01-27 17:52:38    Locked ReadLock[9]
1264643558822 2010-01-27 17:52:38    Sleeping ReadLock[3] for 9315ms
1264643558822 2010-01-27 17:52:38    Sleeping ReadLock[9] for 3272ms
1264643558822 2010-01-27 17:52:38    Locked ReadLock[5]
1264643558822 2010-01-27 17:52:38    Sleeping ReadLock[5] for 9402ms
1264643558822 2010-01-27 17:52:38    Locked ReadLock[4]
1264643558822 2010-01-27 17:52:38    Locked ReadLock[6]
1264643558822 2010-01-27 17:52:38    Sleeping ReadLock[4] for 8726ms
1264643558822 2010-01-27 17:52:38    Sleeping ReadLock[6] for 531ms
1264643558822 2010-01-27 17:52:38    Locked ReadLock[7]
1264643558822 2010-01-27 17:52:38    Locked ReadLock[2]
1264643558822 2010-01-27 17:52:38    Sleeping ReadLock[7] for 6425ms
1264643558822 2010-01-27 17:52:38    Sleeping ReadLock[2] for 1547ms
1264643559353 2010-01-27 17:52:39  Released ReadLock[6]
1264643559353 2010-01-27 17:52:39  Acquiring ReadLock[6]...
1264643559354 2010-01-27 17:52:39    Locked ReadLock[6]
1264643559354 2010-01-27 17:52:39    Sleeping ReadLock[6] for 1180ms
1264643560370 2010-01-27 17:52:40  Released ReadLock[2]
1264643560370 2010-01-27 17:52:40  Acquiring ReadLock[2]...
1264643560370 2010-01-27 17:52:40    Locked ReadLock[2]
1264643560370 2010-01-27 17:52:40    Sleeping ReadLock[2] for 4676ms
1264643560534 2010-01-27 17:52:40  Released ReadLock[6]
1264643560534 2010-01-27 17:52:40  Acquiring ReadLock[6]...
1264643560534 2010-01-27 17:52:40    Locked ReadLock[6]
1264643560534 2010-01-27 17:52:40    Sleeping ReadLock[6] for 3059ms
1264643560800 2010-01-27 17:52:40  Released ReadLock[1]
1264643560800 2010-01-27 17:52:40  Acquiring ReadLock[1]...
1264643560800 2010-01-27 17:52:40    Locked ReadLock[1]
1264643560800 2010-01-27 17:52:40    Sleeping ReadLock[1] for 6071ms
1264643562094 2010-01-27 17:52:42  Released ReadLock[9]
1264643562094 2010-01-27 17:52:42  Acquiring ReadLock[9]...
1264643562094 2010-01-27 17:52:42    Locked ReadLock[9]
1264643562094 2010-01-27 17:52:42    Sleeping ReadLock[9] for 8345ms
1264643562336 2010-01-27 17:52:42  Acquiring WriteLock[0]...
1264643563593 2010-01-27 17:52:43  Released ReadLock[6]
1264643563593 2010-01-27 17:52:43  Acquiring ReadLock[6]...
1264643565046 2010-01-27 17:52:45  Released ReadLock[2]
1264643565046 2010-01-27 17:52:45  Acquiring ReadLock[2]...
1264643565247 2010-01-27 17:52:45  Released ReadLock[7]
1264643565248 2010-01-27 17:52:45  Acquiring ReadLock[7]...
1264643566871 2010-01-27 17:52:46  Released ReadLock[1]
1264643566871 2010-01-27 17:52:46  Acquiring ReadLock[1]...
1264643567548 2010-01-27 17:52:47  Released ReadLock[4]
1264643567548 2010-01-27 17:52:47  Acquiring ReadLock[4]...
1264643568137 2010-01-27 17:52:48  Released ReadLock[3]
1264643568137 2010-01-27 17:52:48  Acquiring ReadLock[3]...
1264643568224 2010-01-27 17:52:48  Released ReadLock[5]
1264643568224 2010-01-27 17:52:48  Acquiring ReadLock[5]...
1264643570439 2010-01-27 17:52:50  Released ReadLock[9]
1264643570440 2010-01-27 17:52:50  Acquiring ReadLock[9]...
1264643571961 2010-01-27 17:52:51  Released ReadLock[8]
1264643571961 2010-01-27 17:52:51  Acquiring ReadLock[8]...
1264643571961 2010-01-27 17:52:51    Locked WriteLock[0]
1264643571962 2010-01-27 17:52:51    Sleeping WriteLock[0] for 6053ms
1264643578015 2010-01-27 17:52:58  Released WriteLock[0]
1264643578016 2010-01-27 17:52:58    Locked ReadLock[9]
1264643578016 2010-01-27 17:52:58  Sleeping WriteLock[0] for 4491ms
1264643578016 2010-01-27 17:52:58    Locked ReadLock[3]
1264643578016 2010-01-27 17:52:58    Sleeping ReadLock[9] for 12654ms
1264643578016 2010-01-27 17:52:58    Locked ReadLock[8]
1264643578016 2010-01-27 17:52:58    Locked ReadLock[2]
1264643578016 2010-01-27 17:52:58    Sleeping ReadLock[8] for 2003ms
1264643578016 2010-01-27 17:52:58    Locked ReadLock[1]
1264643578016 2010-01-27 17:52:58    Sleeping ReadLock[1] for 13255ms
1264643578015 2010-01-27 17:52:58    Locked ReadLock[6]
1264643578016 2010-01-27 17:52:58    Sleeping ReadLock[2] for 11947ms
1264643578016 2010-01-27 17:52:58    Locked ReadLock[4]
1264643578016 2010-01-27 17:52:58    Sleeping ReadLock[4] for 12066ms
1264643578016 2010-01-27 17:52:58    Locked ReadLock[5]
1264643578016 2010-01-27 17:52:58    Sleeping ReadLock[3] for 1614ms
1264643578016 2010-01-27 17:52:58    Sleeping ReadLock[5] for 6449ms
1264643578016 2010-01-27 17:52:58    Sleeping ReadLock[6] for 1488ms
1264643578016 2010-01-27 17:52:58    Locked ReadLock[7]
1264643578016 2010-01-27 17:52:58    Sleeping ReadLock[7] for 11249ms
1264643579504 2010-01-27 17:52:59  Released ReadLock[6]
1264643579505 2010-01-27 17:52:59  Acquiring ReadLock[6]...
1264643579505 2010-01-27 17:52:59    Locked ReadLock[6]
1264643579505 2010-01-27 17:52:59    Sleeping ReadLock[6] for 971ms
1264643579630 2010-01-27 17:52:59  Released ReadLock[3]
1264643579630 2010-01-27 17:52:59  Acquiring ReadLock[3]...
1264643579630 2010-01-27 17:52:59    Locked ReadLock[3]
1264643579630 2010-01-27 17:52:59    Sleeping ReadLock[3] for 8228ms
1264643580019 2010-01-27 17:53:00  Released ReadLock[8]
1264643580019 2010-01-27 17:53:00  Acquiring ReadLock[8]...
1264643580019 2010-01-27 17:53:00    Locked ReadLock[8]
1264643580019 2010-01-27 17:53:00    Sleeping ReadLock[8] for 2881ms
1264643580476 2010-01-27 17:53:00  Released ReadLock[6]
1264643580476 2010-01-27 17:53:00  Acquiring ReadLock[6]...
1264643580476 2010-01-27 17:53:00    Locked ReadLock[6]
1264643580476 2010-01-27 17:53:00    Sleeping ReadLock[6] for 14812ms
1264643582507 2010-01-27 17:53:02  Acquiring WriteLock[0]...
1264643582900 2010-01-27 17:53:02  Released ReadLock[8]
1264643582901 2010-01-27 17:53:02  Acquiring ReadLock[8]...
1264643584465 2010-01-27 17:53:04  Released ReadLock[5]
1264643584466 2010-01-27 17:53:04  Acquiring ReadLock[5]...
1264643587859 2010-01-27 17:53:07  Released ReadLock[3]
1264643587859 2010-01-27 17:53:07  Acquiring ReadLock[3]...
1264643589266 2010-01-27 17:53:09  Released ReadLock[7]
1264643589266 2010-01-27 17:53:09  Acquiring ReadLock[7]...
1264643589963 2010-01-27 17:53:09  Released ReadLock[2]
1264643589963 2010-01-27 17:53:09  Acquiring ReadLock[2]...
1264643590082 2010-01-27 17:53:10  Released ReadLock[4]
1264643590082 2010-01-27 17:53:10  Acquiring ReadLock[4]...
1264643590670 2010-01-27 17:53:10  Released ReadLock[9]
1264643590670 2010-01-27 17:53:10  Acquiring ReadLock[9]...
1264643591271 2010-01-27 17:53:11  Released ReadLock[1]
1264643591271 2010-01-27 17:53:11  Acquiring ReadLock[1]...
1264643595288 2010-01-27 17:53:15    Locked WriteLock[0]
1264643595288 2010-01-27 17:53:15  Released ReadLock[6]
1264643595288 2010-01-27 17:53:15  Acquiring ReadLock[6]...
1264643595288 2010-01-27 17:53:15    Sleeping WriteLock[0] for 4761ms
1264643600050 2010-01-27 17:53:20  Released WriteLock[0]
1264643600050 2010-01-27 17:53:20    Locked ReadLock[8]
1264643600050 2010-01-27 17:53:20  Sleeping WriteLock[0] for 3719ms
1264643600050 2010-01-27 17:53:20    Locked ReadLock[3]
1264643600050 2010-01-27 17:53:20    Sleeping ReadLock[3] for 9719ms
1264643600050 2010-01-27 17:53:20    Locked ReadLock[5]
1264643600050 2010-01-27 17:53:20    Sleeping ReadLock[8] for 4903ms
1264643600050 2010-01-27 17:53:20    Sleeping ReadLock[5] for 7216ms
1264643600050 2010-01-27 17:53:20    Locked ReadLock[7]
1264643600050 2010-01-27 17:53:20    Sleeping ReadLock[7] for 1265ms
1264643600051 2010-01-27 17:53:20    Locked ReadLock[2]
1264643600051 2010-01-27 17:53:20    Locked ReadLock[4]
1264643600051 2010-01-27 17:53:20    Sleeping ReadLock[2] for 7077ms
1264643600051 2010-01-27 17:53:20    Sleeping ReadLock[4] for 2532ms
1264643600051 2010-01-27 17:53:20    Locked ReadLock[9]
1264643600051 2010-01-27 17:53:20    Sleeping ReadLock[9] for 10702ms
1264643600051 2010-01-27 17:53:20    Locked ReadLock[1]
1264643600051 2010-01-27 17:53:20    Sleeping ReadLock[1] for 6023ms
1264643600051 2010-01-27 17:53:20    Locked ReadLock[6]
1264643600051 2010-01-27 17:53:20    Sleeping ReadLock[6] for 13384ms
1264643601316 2010-01-27 17:53:21  Released ReadLock[7]
1264643601316 2010-01-27 17:53:21  Acquiring ReadLock[7]...
1264643601316 2010-01-27 17:53:21    Locked ReadLock[7]
1264643601316 2010-01-27 17:53:21    Sleeping ReadLock[7] for 3259ms
1264643602583 2010-01-27 17:53:22  Released ReadLock[4]
1264643602583 2010-01-27 17:53:22  Acquiring ReadLock[4]...
1264643602583 2010-01-27 17:53:22    Locked ReadLock[4]
1264643602583 2010-01-27 17:53:22    Sleeping ReadLock[4] for 1327ms
1264643603769 2010-01-27 17:53:23  Acquiring WriteLock[0]...
1264643603910 2010-01-27 17:53:23  Released ReadLock[4]
1264643603910 2010-01-27 17:53:23  Acquiring ReadLock[4]...
1264643604575 2010-01-27 17:53:24  Released ReadLock[7]
1264643604575 2010-01-27 17:53:24  Acquiring ReadLock[7]...
1264643604953 2010-01-27 17:53:24  Released ReadLock[8]
1264643604954 2010-01-27 17:53:24  Acquiring ReadLock[8]...
1264643606074 2010-01-27 17:53:26  Released ReadLock[1]
1264643606074 2010-01-27 17:53:26  Acquiring ReadLock[1]...
1264643607128 2010-01-27 17:53:27  Released ReadLock[2]
1264643607128 2010-01-27 17:53:27  Acquiring ReadLock[2]...
1264643607266 2010-01-27 17:53:27  Released ReadLock[5]
1264643607266 2010-01-27 17:53:27  Acquiring ReadLock[5]...
1264643609769 2010-01-27 17:53:29  Released ReadLock[3]
1264643609769 2010-01-27 17:53:29  Acquiring ReadLock[3]...
1264643610753 2010-01-27 17:53:30  Released ReadLock[9]
1264643610753 2010-01-27 17:53:30  Acquiring ReadLock[9]...
1264643613435 2010-01-27 17:53:33    Locked WriteLock[0]
1264643613435 2010-01-27 17:53:33  Released ReadLock[6]
1264643613436 2010-01-27 17:53:33    Sleeping WriteLock[0] for 12854ms
1264643626290 2010-01-27 17:53:46  Released WriteLock[0]
1264643626290 2010-01-27 17:53:46    Locked ReadLock[7]
1264643626290 2010-01-27 17:53:46    Sleeping ReadLock[7] for 11719ms
1264643626290 2010-01-27 17:53:46    Locked ReadLock[4]
1264643626290 2010-01-27 17:53:46  Sleeping WriteLock[0] for 1077ms
1264643626290 2010-01-27 17:53:46    Sleeping ReadLock[4] for 6498ms
1264643626291 2010-01-27 17:53:46    Locked ReadLock[1]
1264643626291 2010-01-27 17:53:46    Locked ReadLock[2]
1264643626291 2010-01-27 17:53:46    Locked ReadLock[8]
1264643626291 2010-01-27 17:53:46    Sleeping ReadLock[2] for 1410ms
1264643626291 2010-01-27 17:53:46    Locked ReadLock[5]
1264643626291 2010-01-27 17:53:46    Sleeping ReadLock[5] for 95ms
1264643626291 2010-01-27 17:53:46    Sleeping ReadLock[1] for 3099ms
1264643626291 2010-01-27 17:53:46    Locked ReadLock[3]
1264643626291 2010-01-27 17:53:46    Locked ReadLock[9]
1264643626291 2010-01-27 17:53:46    Sleeping ReadLock[8] for 971ms
1264643626291 2010-01-27 17:53:46    Sleeping ReadLock[3] for 5337ms
1264643626291 2010-01-27 17:53:46    Sleeping ReadLock[9] for 8712ms
1264643626386 2010-01-27 17:53:46  Released ReadLock[5]
1264643626386 2010-01-27 17:53:46  Acquiring ReadLock[5]...
1264643626386 2010-01-27 17:53:46    Locked ReadLock[5]
1264643626386 2010-01-27 17:53:46    Sleeping ReadLock[5] for 12458ms
1264643627262 2010-01-27 17:53:47  Released ReadLock[8]
1264643627262 2010-01-27 17:53:47  Acquiring ReadLock[8]...
1264643627262 2010-01-27 17:53:47    Locked ReadLock[8]
1264643627263 2010-01-27 17:53:47    Sleeping ReadLock[8] for 3987ms
1264643627367 2010-01-27 17:53:47  Acquiring WriteLock[0]...
1264643627701 2010-01-27 17:53:47  Released ReadLock[2]
1264643627701 2010-01-27 17:53:47  Acquiring ReadLock[2]...
1264643629390 2010-01-27 17:53:49  Released ReadLock[1]
1264643629390 2010-01-27 17:53:49  Acquiring ReadLock[1]...
1264643631250 2010-01-27 17:53:51  Released ReadLock[8]
1264643631250 2010-01-27 17:53:51  Acquiring ReadLock[8]...
1264643631628 2010-01-27 17:53:51  Released ReadLock[3]
1264643631628 2010-01-27 17:53:51  Acquiring ReadLock[3]...
1264643632788 2010-01-27 17:53:52  Released ReadLock[4]
1264643632788 2010-01-27 17:53:52  Acquiring ReadLock[4]...
1264643635003 2010-01-27 17:53:55  Released ReadLock[9]
1264643635003 2010-01-27 17:53:55  Acquiring ReadLock[9]...
1264643638009 2010-01-27 17:53:58  Released ReadLock[7]
1264643638009 2010-01-27 17:53:58  Acquiring ReadLock[7]...
1264643638844 2010-01-27 17:53:58  Released ReadLock[5]
1264643638844 2010-01-27 17:53:58    Locked WriteLock[0]
1264643638845 2010-01-27 17:53:58  Acquiring ReadLock[5]...
1264643638845 2010-01-27 17:53:58    Sleeping WriteLock[0] for 12677ms
1264643651522 2010-01-27 17:54:11  Released WriteLock[0]
1264643651522 2010-01-27 17:54:11  Sleeping WriteLock[0] for 2473ms
1264643651522 2010-01-27 17:54:11    Locked ReadLock[2]
1264643651522 2010-01-27 17:54:11    Locked ReadLock[1]
1264643651522 2010-01-27 17:54:11    Sleeping ReadLock[2] for 10182ms
1264643651522 2010-01-27 17:54:11    Sleeping ReadLock[1] for 2734ms
1264643651522 2010-01-27 17:54:11    Locked ReadLock[8]
1264643651522 2010-01-27 17:54:11    Locked ReadLock[4]
1264643651522 2010-01-27 17:54:11    Locked ReadLock[3]
1264643651522 2010-01-27 17:54:11    Sleeping ReadLock[8] for 10964ms
1264643651522 2010-01-27 17:54:11    Sleeping ReadLock[3] for 2894ms
1264643651522 2010-01-27 17:54:11    Locked ReadLock[9]
1264643651522 2010-01-27 17:54:11    Sleeping ReadLock[9] for 11712ms
1264643651522 2010-01-27 17:54:11    Sleeping ReadLock[4] for 1987ms
1264643651522 2010-01-27 17:54:11    Locked ReadLock[7]
1264643651522 2010-01-27 17:54:11    Sleeping ReadLock[7] for 12030ms
1264643651523 2010-01-27 17:54:11    Locked ReadLock[5]
1264643651523 2010-01-27 17:54:11    Sleeping ReadLock[5] for 14142ms
1264643653509 2010-01-27 17:54:13  Released ReadLock[4]
1264643653510 2010-01-27 17:54:13  Acquiring ReadLock[4]...
1264643653510 2010-01-27 17:54:13    Locked ReadLock[4]
1264643653510 2010-01-27 17:54:13    Sleeping ReadLock[4] for 7784ms
1264643653995 2010-01-27 17:54:13  Acquiring WriteLock[0]...
1264643654256 2010-01-27 17:54:14  Released ReadLock[1]
1264643654256 2010-01-27 17:54:14  Acquiring ReadLock[1]...
1264643654416 2010-01-27 17:54:14  Released ReadLock[3]
1264643654416 2010-01-27 17:54:14  Acquiring ReadLock[3]...
1264643661294 2010-01-27 17:54:21  Released ReadLock[4]
1264643661294 2010-01-27 17:54:21  Acquiring ReadLock[4]...
1264643661704 2010-01-27 17:54:21  Released ReadLock[2]
1264643661704 2010-01-27 17:54:21  Acquiring ReadLock[2]...
1264643662486 2010-01-27 17:54:22  Released ReadLock[8]
1264643662486 2010-01-27 17:54:22  Acquiring ReadLock[8]...
1264643663234 2010-01-27 17:54:23  Released ReadLock[9]
1264643663234 2010-01-27 17:54:23  Acquiring ReadLock[9]...
1264643663553 2010-01-27 17:54:23  Released ReadLock[7]
1264643663553 2010-01-27 17:54:23  Acquiring ReadLock[7]...
1264643665665 2010-01-27 17:54:25  Released ReadLock[5]
1264643665665 2010-01-27 17:54:25    Locked WriteLock[0]
1264643665665 2010-01-27 17:54:25  Acquiring ReadLock[5]...
1264643665665 2010-01-27 17:54:25    Sleeping WriteLock[0] for 9262ms
1264643674927 2010-01-27 17:54:34  Released WriteLock[0]
1264643674927 2010-01-27 17:54:34    Locked ReadLock[1]
1264643674927 2010-01-27 17:54:34  Sleeping WriteLock[0] for 1095ms
1264643674927 2010-01-27 17:54:34    Sleeping ReadLock[1] for 10213ms
1264643674927 2010-01-27 17:54:34    Locked ReadLock[3]
1264643674927 2010-01-27 17:54:34    Locked ReadLock[4]
1264643674927 2010-01-27 17:54:34    Sleeping ReadLock[3] for 13243ms
1264643674927 2010-01-27 17:54:34    Sleeping ReadLock[4] for 1934ms
1264643674927 2010-01-27 17:54:34    Locked ReadLock[2]
1264643674927 2010-01-27 17:54:34    Sleeping ReadLock[2] for 14726ms
1264643674928 2010-01-27 17:54:34    Locked ReadLock[9]
1264643674928 2010-01-27 17:54:34    Locked ReadLock[8]
1264643674928 2010-01-27 17:54:34    Sleeping ReadLock[9] for 7449ms
1264643674928 2010-01-27 17:54:34    Sleeping ReadLock[8] for 8139ms
1264643674928 2010-01-27 17:54:34    Locked ReadLock[7]
1264643674928 2010-01-27 17:54:34    Sleeping ReadLock[7] for 674ms
1264643674928 2010-01-27 17:54:34    Locked ReadLock[5]
1264643674928 2010-01-27 17:54:34    Sleeping ReadLock[5] for 14552ms
1264643675602 2010-01-27 17:54:35  Released ReadLock[7]
1264643675602 2010-01-27 17:54:35  Acquiring ReadLock[7]...
1264643675602 2010-01-27 17:54:35    Locked ReadLock[7]
1264643675602 2010-01-27 17:54:35    Sleeping ReadLock[7] for 8999ms
1264643676022 2010-01-27 17:54:36  Acquiring WriteLock[0]...
1264643676861 2010-01-27 17:54:36  Released ReadLock[4]
1264643682377 2010-01-27 17:54:42  Released ReadLock[9]
1264643682377 2010-01-27 17:54:42  Acquiring ReadLock[9]...
1264643683067 2010-01-27 17:54:43  Released ReadLock[8]
1264643684601 2010-01-27 17:54:44  Released ReadLock[7]
1264643685140 2010-01-27 17:54:45  Released ReadLock[1]
1264643685140 2010-01-27 17:54:45  Acquiring ReadLock[1]...
1264643688170 2010-01-27 17:54:48  Released ReadLock[3]
1264643688170 2010-01-27 17:54:48  Acquiring ReadLock[3]...
1264643689480 2010-01-27 17:54:49  Released ReadLock[5]
1264643689653 2010-01-27 17:54:49  Released ReadLock[2]
1264643689654 2010-01-27 17:54:49    Locked WriteLock[0]
1264643689654 2010-01-27 17:54:49    Sleeping WriteLock[0] for 13844ms
1264643703498 2010-01-27 17:55:03  Released WriteLock[0]
1264643703498 2010-01-27 17:55:03    Locked ReadLock[1]
1264643703498 2010-01-27 17:55:03    Sleeping ReadLock[1] for 2704ms
1264643703498 2010-01-27 17:55:03    Locked ReadLock[9]
1264643703498 2010-01-27 17:55:03    Locked ReadLock[3]
1264643703498 2010-01-27 17:55:03    Sleeping ReadLock[3] for 5136ms
1264643703498 2010-01-27 17:55:03    Sleeping ReadLock[9] for 12392ms
1264643703498 2010-01-27 17:55:03  Sleeping WriteLock[0] for 84ms
1264643703582 2010-01-27 17:55:03  Acquiring WriteLock[0]...
1264643706202 2010-01-27 17:55:06  Released ReadLock[1]
1264643708634 2010-01-27 17:55:08  Released ReadLock[3]
1264643715890 2010-01-27 17:55:15    Locked WriteLock[0]
1264643715890 2010-01-27 17:55:15  Released ReadLock[9]
1264643715890 2010-01-27 17:55:15    Sleeping WriteLock[0] for 7875ms
1264643723766 2010-01-27 17:55:23  Released WriteLock[0]
1264643723766 2010-01-27 17:55:23  Sleeping WriteLock[0] for 2241ms
1264643726007 2010-01-27 17:55:26  Acquiring WriteLock[0]...
1264643726007 2010-01-27 17:55:26    Locked WriteLock[0]
1264643726007 2010-01-27 17:55:26    Sleeping WriteLock[0] for 12320ms
1264643738327 2010-01-27 17:55:38  Released WriteLock[0]
Waiting for Task [1]...
Waiting for Task [2]...
Waiting for Task [3]...
Waiting for Task [4]...
Waiting for Task [5]...
Waiting for Task [6]...
Waiting for Task [7]...
Waiting for Task [8]...
Waiting for Task [9]...

Compilation finished at Wed Jan 27 17:55:38
