-*- mode: compilation; default-directory: "~/code-trex/src/pipeline/src/java/misc/" -*-
Compilation started at Thu Jan 28 03:13:54

pljava --source=WaitTryLocker.java -- fair 10 10
Using debug port (45140).
Listening for transport dt_socket at address: 45140
------------------------------------------------
  Fair Requested Policy
  Fair Actual Policy
  1 Write Lock, 9 Read Locks
  10 Iterations
------------------------------------------------
Waiting for WriteLock[0] Thread to Finish...
1264677237068 2010-01-28 03:13:57  STARTED ReadLock[4] THREAD.
1264677237108 2010-01-28 03:13:57  Acquiring ReadLock[4]...
1264677237108 2010-01-28 03:13:57    Locked ReadLock[4]
1264677237108 2010-01-28 03:13:57    Sleeping ReadLock[4] for 3456ms
1264677237068 2010-01-28 03:13:57  STARTED ReadLock[1] THREAD.
1264677237068 2010-01-28 03:13:57  STARTED ReadLock[2] THREAD.
1264677237110 2010-01-28 03:13:57  Acquiring ReadLock[1]...
1264677237069 2010-01-28 03:13:57  STARTED ReadLock[6] THREAD.
1264677237110 2010-01-28 03:13:57  Acquiring ReadLock[2]...
1264677237110 2010-01-28 03:13:57    Locked ReadLock[1]
1264677237110 2010-01-28 03:13:57  Acquiring ReadLock[6]...
1264677237110 2010-01-28 03:13:57    Sleeping ReadLock[1] for 7265ms
1264677237111 2010-01-28 03:13:57    Locked ReadLock[2]
1264677237111 2010-01-28 03:13:57    Locked ReadLock[6]
1264677237074 2010-01-28 03:13:57  STARTED ReadLock[7] THREAD.
1264677237111 2010-01-28 03:13:57    Sleeping ReadLock[2] for 2877ms
1264677237111 2010-01-28 03:13:57    Sleeping ReadLock[6] for 261ms
1264677237111 2010-01-28 03:13:57  Acquiring ReadLock[7]...
1264677237068 2010-01-28 03:13:57  STARTED WriteLock[0] THREAD.
1264677237068 2010-01-28 03:13:57  STARTED ReadLock[3] THREAD.
1264677237111 2010-01-28 03:13:57    Locked ReadLock[7]
1264677237111 2010-01-28 03:13:57  Acquiring ReadLock[3]...
1264677237111 2010-01-28 03:13:57    Sleeping ReadLock[7] for 1463ms
1264677237111 2010-01-28 03:13:57  Sleeping WriteLock[0] for 1360ms
1264677237111 2010-01-28 03:13:57    Locked ReadLock[3]
1264677237075 2010-01-28 03:13:57  STARTED ReadLock[8] THREAD.
1264677237111 2010-01-28 03:13:57  Acquiring ReadLock[8]...
1264677237111 2010-01-28 03:13:57    Sleeping ReadLock[3] for 11572ms
1264677237111 2010-01-28 03:13:57    Locked ReadLock[8]
1264677237069 2010-01-28 03:13:57  STARTED ReadLock[5] THREAD.
1264677237111 2010-01-28 03:13:57    Sleeping ReadLock[8] for 2127ms
1264677237111 2010-01-28 03:13:57  Acquiring ReadLock[5]...
1264677237075 2010-01-28 03:13:57  STARTED ReadLock[9] THREAD.
1264677237111 2010-01-28 03:13:57    Locked ReadLock[5]
1264677237111 2010-01-28 03:13:57  Acquiring ReadLock[9]...
1264677237111 2010-01-28 03:13:57    Sleeping ReadLock[5] for 10396ms
1264677237111 2010-01-28 03:13:57    Locked ReadLock[9]
1264677237111 2010-01-28 03:13:57    Sleeping ReadLock[9] for 12083ms
1264677237372 2010-01-28 03:13:57  Released ReadLock[6]
1264677237372 2010-01-28 03:13:57  Acquiring ReadLock[6]...
1264677237372 2010-01-28 03:13:57    Locked ReadLock[6]
1264677237372 2010-01-28 03:13:57    Sleeping ReadLock[6] for 13866ms
1264677238471 2010-01-28 03:13:58  Acquiring WriteLock[0]...
1264677238574 2010-01-28 03:13:58  Released ReadLock[7]
1264677238574 2010-01-28 03:13:58  Acquiring ReadLock[7]...
1264677239238 2010-01-28 03:13:59  Released ReadLock[8]
1264677239238 2010-01-28 03:13:59  Acquiring ReadLock[8]...
1264677239472 2010-01-28 03:13:59  Failed to Acquire WriteLock[0]
1264677239472 2010-01-28 03:13:59    Locked ReadLock[7]
1264677239472 2010-01-28 03:13:59    Sleeping ReadLock[7] for 64ms
1264677239472 2010-01-28 03:13:59    Locked ReadLock[8]
1264677239472 2010-01-28 03:13:59    Sleeping ReadLock[8] for 1028ms
1264677239536 2010-01-28 03:13:59  Released ReadLock[7]
1264677239536 2010-01-28 03:13:59  Acquiring ReadLock[7]...
1264677239988 2010-01-28 03:13:59  Released ReadLock[2]
1264677239988 2010-01-28 03:13:59  Acquiring ReadLock[2]...
1264677240472 2010-01-28 03:14:00  Failed to Acquire WriteLock[0]
1264677240472 2010-01-28 03:14:00    Locked ReadLock[7]
1264677240472 2010-01-28 03:14:00    Locked ReadLock[2]
1264677240473 2010-01-28 03:14:00    Sleeping ReadLock[7] for 797ms
1264677240473 2010-01-28 03:14:00    Sleeping ReadLock[2] for 14744ms
1264677240501 2010-01-28 03:14:00  Released ReadLock[8]
1264677240501 2010-01-28 03:14:00  Acquiring ReadLock[8]...
1264677240564 2010-01-28 03:14:00  Released ReadLock[4]
1264677240564 2010-01-28 03:14:00  Acquiring ReadLock[4]...
1264677241270 2010-01-28 03:14:01  Released ReadLock[7]
1264677241270 2010-01-28 03:14:01  Acquiring ReadLock[7]...
1264677241473 2010-01-28 03:14:01  Failed to Acquire WriteLock[0]
1264677241473 2010-01-28 03:14:01    Locked ReadLock[4]
1264677241473 2010-01-28 03:14:01    Sleeping ReadLock[4] for 311ms
1264677241473 2010-01-28 03:14:01    Locked ReadLock[7]
1264677241473 2010-01-28 03:14:01    Sleeping ReadLock[7] for 5328ms
1264677241473 2010-01-28 03:14:01    Locked ReadLock[8]
1264677241473 2010-01-28 03:14:01    Sleeping ReadLock[8] for 1808ms
1264677241784 2010-01-28 03:14:01  Released ReadLock[4]
1264677241784 2010-01-28 03:14:01  Acquiring ReadLock[4]...
1264677242473 2010-01-28 03:14:02  Failed to Acquire WriteLock[0]
1264677242473 2010-01-28 03:14:02    Locked ReadLock[4]
1264677242473 2010-01-28 03:14:02    Sleeping ReadLock[4] for 5862ms
1264677243281 2010-01-28 03:14:03  Released ReadLock[8]
1264677243281 2010-01-28 03:14:03  Acquiring ReadLock[8]...
1264677243473 2010-01-28 03:14:03  Failed to Acquire WriteLock[0]
1264677243473 2010-01-28 03:14:03    Locked ReadLock[8]
1264677243473 2010-01-28 03:14:03    Sleeping ReadLock[8] for 1709ms
1264677244376 2010-01-28 03:14:04  Released ReadLock[1]
1264677244376 2010-01-28 03:14:04  Acquiring ReadLock[1]...
1264677244473 2010-01-28 03:14:04  Failed to Acquire WriteLock[0]
1264677244473 2010-01-28 03:14:04    Locked ReadLock[1]
1264677244473 2010-01-28 03:14:04    Sleeping ReadLock[1] for 6762ms
1264677245182 2010-01-28 03:14:05  Released ReadLock[8]
1264677245182 2010-01-28 03:14:05  Acquiring ReadLock[8]...
1264677245473 2010-01-28 03:14:05  Failed to Acquire WriteLock[0]
1264677245473 2010-01-28 03:14:05    Locked ReadLock[8]
1264677245473 2010-01-28 03:14:05    Sleeping ReadLock[8] for 8614ms
1264677246473 2010-01-28 03:14:06  Failed to Acquire WriteLock[0]
1264677246801 2010-01-28 03:14:06  Released ReadLock[7]
1264677246801 2010-01-28 03:14:06  Acquiring ReadLock[7]...
1264677247473 2010-01-28 03:14:07  Failed to Acquire WriteLock[0]
1264677247473 2010-01-28 03:14:07    Locked ReadLock[7]
1264677247473 2010-01-28 03:14:07    Sleeping ReadLock[7] for 6621ms
1264677247507 2010-01-28 03:14:07  Released ReadLock[5]
1264677247507 2010-01-28 03:14:07  Acquiring ReadLock[5]...
1264677248335 2010-01-28 03:14:08  Released ReadLock[4]
1264677248335 2010-01-28 03:14:08  Acquiring ReadLock[4]...
1264677248473 2010-01-28 03:14:08  Failed to Acquire WriteLock[0]
1264677248473 2010-01-28 03:14:08    Locked ReadLock[5]
1264677248473 2010-01-28 03:14:08    Locked ReadLock[4]
1264677248474 2010-01-28 03:14:08    Sleeping ReadLock[5] for 12456ms
1264677248474 2010-01-28 03:14:08    Sleeping ReadLock[4] for 11825ms
1264677248683 2010-01-28 03:14:08  Released ReadLock[3]
1264677248683 2010-01-28 03:14:08  Acquiring ReadLock[3]...
1264677249194 2010-01-28 03:14:09  Released ReadLock[9]
1264677249194 2010-01-28 03:14:09  Acquiring ReadLock[9]...
1264677249474 2010-01-28 03:14:09  Failed to Acquire WriteLock[0]
1264677249474 2010-01-28 03:14:09    Locked ReadLock[9]
1264677249474 2010-01-28 03:14:09    Locked ReadLock[3]
1264677249474 2010-01-28 03:14:09    Sleeping ReadLock[9] for 7605ms
1264677249474 2010-01-28 03:14:09    Sleeping ReadLock[3] for 9985ms
1264677250474 2010-01-28 03:14:10  Failed to Acquire WriteLock[0]
1264677251235 2010-01-28 03:14:11  Released ReadLock[1]
1264677251235 2010-01-28 03:14:11  Acquiring ReadLock[1]...
1264677251238 2010-01-28 03:14:11  Released ReadLock[6]
1264677251238 2010-01-28 03:14:11  Acquiring ReadLock[6]...
1264677251474 2010-01-28 03:14:11    Locked ReadLock[1]
1264677251474 2010-01-28 03:14:11    Locked ReadLock[6]
1264677251474 2010-01-28 03:14:11    Sleeping ReadLock[1] for 3024ms
1264677251474 2010-01-28 03:14:11    Sleeping ReadLock[6] for 1859ms
1264677251474 2010-01-28 03:14:11  Failed to Acquire WriteLock[0]
1264677252474 2010-01-28 03:14:12  Failed to Acquire WriteLock[0]
1264677253333 2010-01-28 03:14:13  Released ReadLock[6]
1264677253333 2010-01-28 03:14:13  Acquiring ReadLock[6]...
1264677253474 2010-01-28 03:14:13    Locked ReadLock[6]
1264677253474 2010-01-28 03:14:13    Sleeping ReadLock[6] for 13980ms
1264677253474 2010-01-28 03:14:13  Failed to Acquire WriteLock[0]
1264677254087 2010-01-28 03:14:14  Released ReadLock[8]
1264677254087 2010-01-28 03:14:14  Acquiring ReadLock[8]...
1264677254095 2010-01-28 03:14:14  Released ReadLock[7]
1264677254095 2010-01-28 03:14:14  Acquiring ReadLock[7]...
1264677254474 2010-01-28 03:14:14  Failed to Acquire WriteLock[0]
1264677254474 2010-01-28 03:14:14    Locked ReadLock[8]
1264677254474 2010-01-28 03:14:14    Sleeping ReadLock[8] for 3519ms
1264677254475 2010-01-28 03:14:14    Locked ReadLock[7]
1264677254475 2010-01-28 03:14:14    Sleeping ReadLock[7] for 556ms
1264677254498 2010-01-28 03:14:14  Released ReadLock[1]
1264677254498 2010-01-28 03:14:14  Acquiring ReadLock[1]...
1264677255031 2010-01-28 03:14:15  Released ReadLock[7]
1264677255031 2010-01-28 03:14:15  Acquiring ReadLock[7]...
1264677255217 2010-01-28 03:14:15  Released ReadLock[2]
1264677255217 2010-01-28 03:14:15  Acquiring ReadLock[2]...
1264677255474 2010-01-28 03:14:15  Failed to Acquire WriteLock[0]
1264677255475 2010-01-28 03:14:15    Locked ReadLock[1]
1264677255475 2010-01-28 03:14:15    Sleeping ReadLock[1] for 9353ms
1264677255475 2010-01-28 03:14:15    Locked ReadLock[7]
1264677255475 2010-01-28 03:14:15    Locked ReadLock[2]
1264677255475 2010-01-28 03:14:15    Sleeping ReadLock[7] for 11354ms
1264677255475 2010-01-28 03:14:15    Sleeping ReadLock[2] for 2005ms
1264677256475 2010-01-28 03:14:16  Failed to Acquire WriteLock[0]
1264677257079 2010-01-28 03:14:17  Released ReadLock[9]
1264677257079 2010-01-28 03:14:17  Acquiring ReadLock[9]...
1264677257475 2010-01-28 03:14:17  Failed to Acquire WriteLock[0]
1264677257475 2010-01-28 03:14:17    Locked ReadLock[9]
1264677257475 2010-01-28 03:14:17    Sleeping ReadLock[9] for 9835ms
1264677257480 2010-01-28 03:14:17  Released ReadLock[2]
1264677257480 2010-01-28 03:14:17  Acquiring ReadLock[2]...
1264677257994 2010-01-28 03:14:17  Released ReadLock[8]
1264677257994 2010-01-28 03:14:17  Acquiring ReadLock[8]...
1264677258475 2010-01-28 03:14:18  Failed to Acquire WriteLock[0]
1264677258475 2010-01-28 03:14:18    Locked ReadLock[2]
1264677258475 2010-01-28 03:14:18    Locked ReadLock[8]
1264677258475 2010-01-28 03:14:18    Sleeping ReadLock[2] for 2541ms
1264677258475 2010-01-28 03:14:18    Sleeping ReadLock[8] for 1825ms
1264677259459 2010-01-28 03:14:19  Released ReadLock[3]
1264677259459 2010-01-28 03:14:19  Acquiring ReadLock[3]...
1264677259475 2010-01-28 03:14:19  Failed to Acquire WriteLock[0]
1264677259475 2010-01-28 03:14:19    Locked ReadLock[3]
1264677259475 2010-01-28 03:14:19    Sleeping ReadLock[3] for 13984ms
1264677260299 2010-01-28 03:14:20  Released ReadLock[4]
1264677260299 2010-01-28 03:14:20  Acquiring ReadLock[4]...
1264677260300 2010-01-28 03:14:20  Released ReadLock[8]
1264677260300 2010-01-28 03:14:20  Acquiring ReadLock[8]...
1264677260475 2010-01-28 03:14:20  Failed to Acquire WriteLock[0]
1264677260475 2010-01-28 03:14:20    Locked ReadLock[8]
1264677260475 2010-01-28 03:14:20    Sleeping ReadLock[8] for 13809ms
1264677260475 2010-01-28 03:14:20    Locked ReadLock[4]
1264677260475 2010-01-28 03:14:20    Sleeping ReadLock[4] for 2112ms
1264677260930 2010-01-28 03:14:20  Released ReadLock[5]
1264677260930 2010-01-28 03:14:20  Acquiring ReadLock[5]...
1264677261016 2010-01-28 03:14:21  Released ReadLock[2]
1264677261016 2010-01-28 03:14:21  Acquiring ReadLock[2]...
1264677261475 2010-01-28 03:14:21  Failed to Acquire WriteLock[0]
1264677261475 2010-01-28 03:14:21    Locked ReadLock[2]
1264677261475 2010-01-28 03:14:21    Sleeping ReadLock[2] for 14793ms
1264677261475 2010-01-28 03:14:21    Locked ReadLock[5]
1264677261475 2010-01-28 03:14:21    Sleeping ReadLock[5] for 3831ms
1264677262475 2010-01-28 03:14:22  Failed to Acquire WriteLock[0]
1264677262587 2010-01-28 03:14:22  Released ReadLock[4]
1264677262587 2010-01-28 03:14:22  Acquiring ReadLock[4]...
1264677263475 2010-01-28 03:14:23  Failed to Acquire WriteLock[0]
1264677263475 2010-01-28 03:14:23    Locked ReadLock[4]
1264677263475 2010-01-28 03:14:23    Sleeping ReadLock[4] for 13488ms
1264677264475 2010-01-28 03:14:24  Failed to Acquire WriteLock[0]
1264677264828 2010-01-28 03:14:24  Released ReadLock[1]
1264677264828 2010-01-28 03:14:24  Acquiring ReadLock[1]...
1264677265306 2010-01-28 03:14:25  Released ReadLock[5]
1264677265307 2010-01-28 03:14:25  Acquiring ReadLock[5]...
1264677265476 2010-01-28 03:14:25  Failed to Acquire WriteLock[0]
1264677265476 2010-01-28 03:14:25    Locked ReadLock[1]
1264677265476 2010-01-28 03:14:25    Locked ReadLock[5]
1264677265476 2010-01-28 03:14:25    Sleeping ReadLock[1] for 5034ms
1264677265476 2010-01-28 03:14:25    Sleeping ReadLock[5] for 2493ms
1264677266476 2010-01-28 03:14:26  Failed to Acquire WriteLock[0]
1264677266829 2010-01-28 03:14:26  Released ReadLock[7]
1264677266829 2010-01-28 03:14:26  Acquiring ReadLock[7]...
1264677267310 2010-01-28 03:14:27  Released ReadLock[9]
1264677267310 2010-01-28 03:14:27  Acquiring ReadLock[9]...
1264677267454 2010-01-28 03:14:27  Released ReadLock[6]
1264677267454 2010-01-28 03:14:27  Acquiring ReadLock[6]...
1264677267476 2010-01-28 03:14:27  Failed to Acquire WriteLock[0]
1264677267476 2010-01-28 03:14:27    Locked ReadLock[7]
1264677267476 2010-01-28 03:14:27    Sleeping ReadLock[7] for 4330ms
1264677267476 2010-01-28 03:14:27    Locked ReadLock[9]
1264677267476 2010-01-28 03:14:27    Locked ReadLock[6]
1264677267476 2010-01-28 03:14:27    Sleeping ReadLock[9] for 691ms
1264677267476 2010-01-28 03:14:27    Sleeping ReadLock[6] for 6699ms
1264677267969 2010-01-28 03:14:27  Released ReadLock[5]
1264677267969 2010-01-28 03:14:27  Acquiring ReadLock[5]...
1264677268167 2010-01-28 03:14:28  Released ReadLock[9]
1264677268167 2010-01-28 03:14:28  Acquiring ReadLock[9]...
1264677268476 2010-01-28 03:14:28  Failed to Acquire WriteLock[0]
1264677268476 2010-01-28 03:14:28    Locked ReadLock[5]
1264677268476 2010-01-28 03:14:28    Locked ReadLock[9]
1264677268476 2010-01-28 03:14:28    Sleeping ReadLock[5] for 9646ms
1264677268476 2010-01-28 03:14:28    Sleeping ReadLock[9] for 4030ms
1264677269476 2010-01-28 03:14:29  Failed to Acquire WriteLock[0]
1264677270476 2010-01-28 03:14:30  Failed to Acquire WriteLock[0]
1264677270510 2010-01-28 03:14:30  Released ReadLock[1]
1264677270510 2010-01-28 03:14:30  Acquiring ReadLock[1]...
1264677271476 2010-01-28 03:14:31  Failed to Acquire WriteLock[0]
1264677271476 2010-01-28 03:14:31    Locked ReadLock[1]
1264677271476 2010-01-28 03:14:31    Sleeping ReadLock[1] for 10199ms
1264677271806 2010-01-28 03:14:31  Released ReadLock[7]
1264677271806 2010-01-28 03:14:31  Acquiring ReadLock[7]...
1264677272476 2010-01-28 03:14:32  Failed to Acquire WriteLock[0]
1264677272476 2010-01-28 03:14:32    Locked ReadLock[7]
1264677272477 2010-01-28 03:14:32    Sleeping ReadLock[7] for 2806ms
1264677272506 2010-01-28 03:14:32  Released ReadLock[9]
1264677272506 2010-01-28 03:14:32  Acquiring ReadLock[9]...
1264677273459 2010-01-28 03:14:33  Released ReadLock[3]
1264677273459 2010-01-28 03:14:33  Acquiring ReadLock[3]...
1264677273476 2010-01-28 03:14:33  Failed to Acquire WriteLock[0]
1264677273477 2010-01-28 03:14:33    Locked ReadLock[9]
1264677273477 2010-01-28 03:14:33    Locked ReadLock[3]
1264677273477 2010-01-28 03:14:33    Sleeping ReadLock[9] for 12021ms
1264677273477 2010-01-28 03:14:33    Sleeping ReadLock[3] for 1893ms
1264677274175 2010-01-28 03:14:34  Released ReadLock[6]
1264677274175 2010-01-28 03:14:34  Acquiring ReadLock[6]...
1264677274284 2010-01-28 03:14:34  Released ReadLock[8]
1264677274284 2010-01-28 03:14:34  Acquiring ReadLock[8]...
1264677274477 2010-01-28 03:14:34    Locked ReadLock[6]
1264677274477 2010-01-28 03:14:34    Locked ReadLock[8]
1264677274477 2010-01-28 03:14:34    Sleeping ReadLock[6] for 4325ms
1264677274477 2010-01-28 03:14:34    Sleeping ReadLock[8] for 11638ms
1264677274477 2010-01-28 03:14:34  Failed to Acquire WriteLock[0]
1264677275283 2010-01-28 03:14:35  Released ReadLock[7]
1264677275283 2010-01-28 03:14:35  Acquiring ReadLock[7]...
1264677275370 2010-01-28 03:14:35  Released ReadLock[3]
1264677275370 2010-01-28 03:14:35  Acquiring ReadLock[3]...
1264677275477 2010-01-28 03:14:35  Failed to Acquire WriteLock[0]
1264677275477 2010-01-28 03:14:35    Locked ReadLock[7]
1264677275477 2010-01-28 03:14:35    Locked ReadLock[3]
1264677275477 2010-01-28 03:14:35    Sleeping ReadLock[7] for 7491ms
1264677275477 2010-01-28 03:14:35    Sleeping ReadLock[3] for 8384ms
1264677276268 2010-01-28 03:14:36  Released ReadLock[2]
1264677276268 2010-01-28 03:14:36  Acquiring ReadLock[2]...
1264677276477 2010-01-28 03:14:36  Failed to Acquire WriteLock[0]
1264677276477 2010-01-28 03:14:36    Locked ReadLock[2]
1264677276477 2010-01-28 03:14:36    Sleeping ReadLock[2] for 11006ms
1264677276964 2010-01-28 03:14:36  Released ReadLock[4]
1264677276964 2010-01-28 03:14:36  Acquiring ReadLock[4]...
1264677277477 2010-01-28 03:14:37  Failed to Acquire WriteLock[0]
1264677277477 2010-01-28 03:14:37    Locked ReadLock[4]
1264677277477 2010-01-28 03:14:37    Sleeping ReadLock[4] for 4577ms
1264677278122 2010-01-28 03:14:38  Released ReadLock[5]
1264677278122 2010-01-28 03:14:38  Acquiring ReadLock[5]...
1264677278477 2010-01-28 03:14:38  Failed to Acquire WriteLock[0]
1264677278477 2010-01-28 03:14:38    Locked ReadLock[5]
1264677278477 2010-01-28 03:14:38    Sleeping ReadLock[5] for 979ms
1264677278802 2010-01-28 03:14:38  Released ReadLock[6]
1264677278802 2010-01-28 03:14:38  Acquiring ReadLock[6]...
1264677279456 2010-01-28 03:14:39  Released ReadLock[5]
1264677279456 2010-01-28 03:14:39  Acquiring ReadLock[5]...
1264677279477 2010-01-28 03:14:39    Locked ReadLock[6]
1264677279477 2010-01-28 03:14:39    Locked ReadLock[5]
1264677279477 2010-01-28 03:14:39    Sleeping ReadLock[6] for 9206ms
1264677279477 2010-01-28 03:14:39    Sleeping ReadLock[5] for 13427ms
1264677279477 2010-01-28 03:14:39  Failed to Acquire WriteLock[0]
1264677280478 2010-01-28 03:14:40  Failed to Acquire WriteLock[0]
1264677281478 2010-01-28 03:14:41  Failed to Acquire WriteLock[0]
1264677281675 2010-01-28 03:14:41  Released ReadLock[1]
1264677281676 2010-01-28 03:14:41  Acquiring ReadLock[1]...
1264677282054 2010-01-28 03:14:42  Released ReadLock[4]
1264677282054 2010-01-28 03:14:42  Acquiring ReadLock[4]...
1264677282478 2010-01-28 03:14:42  Failed to Acquire WriteLock[0]
1264677282478 2010-01-28 03:14:42    Locked ReadLock[1]
1264677282478 2010-01-28 03:14:42    Sleeping ReadLock[1] for 13860ms
1264677282478 2010-01-28 03:14:42    Locked ReadLock[4]
1264677282478 2010-01-28 03:14:42    Sleeping ReadLock[4] for 1139ms
1264677282968 2010-01-28 03:14:42  Released ReadLock[7]
1264677282968 2010-01-28 03:14:42  FINISHED ReadLock[7] THREAD.
1264677283478 2010-01-28 03:14:43  Failed to Acquire WriteLock[0]
1264677283617 2010-01-28 03:14:43  Released ReadLock[4]
1264677283617 2010-01-28 03:14:43  Acquiring ReadLock[4]...
1264677283861 2010-01-28 03:14:43  Released ReadLock[3]
1264677283861 2010-01-28 03:14:43  Acquiring ReadLock[3]...
1264677284478 2010-01-28 03:14:44  Failed to Acquire WriteLock[0]
1264677284478 2010-01-28 03:14:44    Locked ReadLock[4]
1264677284478 2010-01-28 03:14:44    Locked ReadLock[3]
1264677284478 2010-01-28 03:14:44    Sleeping ReadLock[4] for 4502ms
1264677284478 2010-01-28 03:14:44    Sleeping ReadLock[3] for 4082ms
1264677285478 2010-01-28 03:14:45  Failed to Acquire WriteLock[0]
1264677285498 2010-01-28 03:14:45  Released ReadLock[9]
1264677285498 2010-01-28 03:14:45  Acquiring ReadLock[9]...
1264677286115 2010-01-28 03:14:46  Released ReadLock[8]
1264677286115 2010-01-28 03:14:46  Acquiring ReadLock[8]...
1264677286478 2010-01-28 03:14:46  Failed to Acquire WriteLock[0]
1264677286478 2010-01-28 03:14:46    Locked ReadLock[8]
1264677286482 2010-01-28 03:14:46    Sleeping ReadLock[8] for 4994ms
1264677286478 2010-01-28 03:14:46    Locked ReadLock[9]
1264677286482 2010-01-28 03:14:46    Sleeping ReadLock[9] for 4175ms
1264677287478 2010-01-28 03:14:47  Failed to Acquire WriteLock[0]
1264677287483 2010-01-28 03:14:47  Released ReadLock[2]
1264677287483 2010-01-28 03:14:47  Acquiring ReadLock[2]...
1264677288478 2010-01-28 03:14:48  Failed to Acquire WriteLock[0]
1264677288478 2010-01-28 03:14:48    Locked ReadLock[2]
1264677288479 2010-01-28 03:14:48    Sleeping ReadLock[2] for 13474ms
1264677288560 2010-01-28 03:14:48  Released ReadLock[3]
1264677288560 2010-01-28 03:14:48  Acquiring ReadLock[3]...
1264677288683 2010-01-28 03:14:48  Released ReadLock[6]
1264677288684 2010-01-28 03:14:48  Acquiring ReadLock[6]...
1264677288980 2010-01-28 03:14:48  Released ReadLock[4]
1264677288980 2010-01-28 03:14:48  Acquiring ReadLock[4]...
1264677289479 2010-01-28 03:14:49  Failed to Acquire WriteLock[0]
1264677289479 2010-01-28 03:14:49    Locked ReadLock[3]
1264677289479 2010-01-28 03:14:49    Sleeping ReadLock[3] for 5547ms
1264677289479 2010-01-28 03:14:49    Locked ReadLock[6]
1264677289479 2010-01-28 03:14:49    Locked ReadLock[4]
1264677289479 2010-01-28 03:14:49    Sleeping ReadLock[6] for 2832ms
1264677289479 2010-01-28 03:14:49    Sleeping ReadLock[4] for 1595ms
1264677290479 2010-01-28 03:14:50  Failed to Acquire WriteLock[0]
1264677290657 2010-01-28 03:14:50  Released ReadLock[9]
1264677290657 2010-01-28 03:14:50  Acquiring ReadLock[9]...
1264677291074 2010-01-28 03:14:51  Released ReadLock[4]
1264677291074 2010-01-28 03:14:51  FINISHED ReadLock[4] THREAD.
1264677291476 2010-01-28 03:14:51  Released ReadLock[8]
1264677291476 2010-01-28 03:14:51  FINISHED ReadLock[8] THREAD.
1264677291479 2010-01-28 03:14:51    Locked ReadLock[9]
1264677291479 2010-01-28 03:14:51  Failed to Acquire WriteLock[0]
1264677291479 2010-01-28 03:14:51    Sleeping ReadLock[9] for 14181ms
1264677292311 2010-01-28 03:14:52  Released ReadLock[6]
1264677292311 2010-01-28 03:14:52  Acquiring ReadLock[6]...
1264677292479 2010-01-28 03:14:52  Failed to Acquire WriteLock[0]
1264677292479 2010-01-28 03:14:52    Locked ReadLock[6]
1264677292479 2010-01-28 03:14:52    Sleeping ReadLock[6] for 6355ms
1264677292904 2010-01-28 03:14:52  Released ReadLock[5]
1264677292905 2010-01-28 03:14:52  Acquiring ReadLock[5]...
1264677293479 2010-01-28 03:14:53  Failed to Acquire WriteLock[0]
1264677293479 2010-01-28 03:14:53    Locked ReadLock[5]
1264677293479 2010-01-28 03:14:53    Sleeping ReadLock[5] for 4919ms
1264677294479 2010-01-28 03:14:54  Failed to Acquire WriteLock[0]
1264677295026 2010-01-28 03:14:55  Released ReadLock[3]
1264677295026 2010-01-28 03:14:55  Acquiring ReadLock[3]...
1264677295479 2010-01-28 03:14:55  Failed to Acquire WriteLock[0]
1264677295479 2010-01-28 03:14:55    Locked ReadLock[3]
1264677295479 2010-01-28 03:14:55    Sleeping ReadLock[3] for 5262ms
1264677296338 2010-01-28 03:14:56  Released ReadLock[1]
1264677296338 2010-01-28 03:14:56  Acquiring ReadLock[1]...
1264677296480 2010-01-28 03:14:56    Locked ReadLock[1]
1264677296480 2010-01-28 03:14:56  Failed to Acquire WriteLock[0]
1264677296480 2010-01-28 03:14:56    Sleeping ReadLock[1] for 10452ms
1264677297480 2010-01-28 03:14:57  Failed to Acquire WriteLock[0]
1264677298398 2010-01-28 03:14:58  Released ReadLock[5]
1264677298398 2010-01-28 03:14:58  Acquiring ReadLock[5]...
1264677298480 2010-01-28 03:14:58  Failed to Acquire WriteLock[0]
1264677298480 2010-01-28 03:14:58    Locked ReadLock[5]
1264677298480 2010-01-28 03:14:58    Sleeping ReadLock[5] for 4063ms
1264677298834 2010-01-28 03:14:58  Released ReadLock[6]
1264677298834 2010-01-28 03:14:58  Acquiring ReadLock[6]...
1264677299480 2010-01-28 03:14:59  Failed to Acquire WriteLock[0]
1264677299480 2010-01-28 03:14:59    Locked ReadLock[6]
1264677299480 2010-01-28 03:14:59    Sleeping ReadLock[6] for 12603ms
1264677300480 2010-01-28 03:15:00  Failed to Acquire WriteLock[0]
1264677300742 2010-01-28 03:15:00  Released ReadLock[3]
1264677300742 2010-01-28 03:15:00  Acquiring ReadLock[3]...
1264677301480 2010-01-28 03:15:01    Locked ReadLock[3]
1264677301480 2010-01-28 03:15:01    Sleeping ReadLock[3] for 5288ms
1264677301480 2010-01-28 03:15:01  Failed to Acquire WriteLock[0]
1264677301953 2010-01-28 03:15:01  Released ReadLock[2]
1264677301953 2010-01-28 03:15:01  Acquiring ReadLock[2]...
1264677302490 2010-01-28 03:15:02  Failed to Acquire WriteLock[0]
1264677302490 2010-01-28 03:15:02    Locked ReadLock[2]
1264677302490 2010-01-28 03:15:02    Sleeping ReadLock[2] for 14009ms
1264677302543 2010-01-28 03:15:02  Released ReadLock[5]
1264677302543 2010-01-28 03:15:02  Acquiring ReadLock[5]...
1264677303490 2010-01-28 03:15:03    Locked ReadLock[5]
1264677303490 2010-01-28 03:15:03  Failed to Acquire WriteLock[0]
1264677303490 2010-01-28 03:15:03    Sleeping ReadLock[5] for 14819ms
1264677304490 2010-01-28 03:15:04  Failed to Acquire WriteLock[0]
1264677305490 2010-01-28 03:15:05  Failed to Acquire WriteLock[0]
1264677305660 2010-01-28 03:15:05  Released ReadLock[9]
1264677305660 2010-01-28 03:15:05  Acquiring ReadLock[9]...
1264677306490 2010-01-28 03:15:06    Locked ReadLock[9]
1264677306490 2010-01-28 03:15:06  Failed to Acquire WriteLock[0]
1264677306490 2010-01-28 03:15:06    Sleeping ReadLock[9] for 3423ms
1264677306768 2010-01-28 03:15:06  Released ReadLock[3]
1264677306769 2010-01-28 03:15:06  Acquiring ReadLock[3]...
1264677306932 2010-01-28 03:15:06  Released ReadLock[1]
1264677306932 2010-01-28 03:15:06  Acquiring ReadLock[1]...
1264677307490 2010-01-28 03:15:07  Failed to Acquire WriteLock[0]
1264677307490 2010-01-28 03:15:07    Locked ReadLock[1]
1264677307490 2010-01-28 03:15:07    Locked ReadLock[3]
1264677307491 2010-01-28 03:15:07    Sleeping ReadLock[1] for 1934ms
1264677307491 2010-01-28 03:15:07    Sleeping ReadLock[3] for 9256ms
1264677308491 2010-01-28 03:15:08  Failed to Acquire WriteLock[0]
1264677309425 2010-01-28 03:15:09  Released ReadLock[1]
1264677309425 2010-01-28 03:15:09  Acquiring ReadLock[1]...
1264677309491 2010-01-28 03:15:09  Failed to Acquire WriteLock[0]
1264677309491 2010-01-28 03:15:09    Locked ReadLock[1]
1264677309491 2010-01-28 03:15:09    Sleeping ReadLock[1] for 12916ms
1264677309913 2010-01-28 03:15:09  Released ReadLock[9]
1264677309913 2010-01-28 03:15:09  Acquiring ReadLock[9]...
1264677310491 2010-01-28 03:15:10  Failed to Acquire WriteLock[0]
1264677310491 2010-01-28 03:15:10    Locked ReadLock[9]
1264677310491 2010-01-28 03:15:10    Sleeping ReadLock[9] for 13586ms
1264677311491 2010-01-28 03:15:11  Failed to Acquire WriteLock[0]
1264677312083 2010-01-28 03:15:12  Released ReadLock[6]
1264677312083 2010-01-28 03:15:12  FINISHED ReadLock[6] THREAD.
1264677312491 2010-01-28 03:15:12  Failed to Acquire WriteLock[0]
1264677313491 2010-01-28 03:15:13  Failed to Acquire WriteLock[0]
1264677314491 2010-01-28 03:15:14  Failed to Acquire WriteLock[0]
1264677315491 2010-01-28 03:15:15  Failed to Acquire WriteLock[0]
1264677316492 2010-01-28 03:15:16  Failed to Acquire WriteLock[0]
1264677316499 2010-01-28 03:15:16  Released ReadLock[2]
1264677316499 2010-01-28 03:15:16  Acquiring ReadLock[2]...
1264677316747 2010-01-28 03:15:16  Released ReadLock[3]
1264677316747 2010-01-28 03:15:16  FINISHED ReadLock[3] THREAD.
1264677317492 2010-01-28 03:15:17    Locked ReadLock[2]
1264677317492 2010-01-28 03:15:17  Failed to Acquire WriteLock[0]
1264677317492 2010-01-28 03:15:17    Sleeping ReadLock[2] for 500ms
1264677317992 2010-01-28 03:15:17  Released ReadLock[2]
1264677317992 2010-01-28 03:15:17  Acquiring ReadLock[2]...
1264677318309 2010-01-28 03:15:18  Released ReadLock[5]
1264677318309 2010-01-28 03:15:18  FINISHED ReadLock[5] THREAD.
1264677318492 2010-01-28 03:15:18  Failed to Acquire WriteLock[0]
1264677318492 2010-01-28 03:15:18    Locked ReadLock[2]
1264677318492 2010-01-28 03:15:18    Sleeping ReadLock[2] for 3431ms
1264677319492 2010-01-28 03:15:19  Failed to Acquire WriteLock[0]
1264677320492 2010-01-28 03:15:20  Failed to Acquire WriteLock[0]
1264677321492 2010-01-28 03:15:21  Failed to Acquire WriteLock[0]
1264677321923 2010-01-28 03:15:21  Released ReadLock[2]
1264677321923 2010-01-28 03:15:21  FINISHED ReadLock[2] THREAD.
1264677322407 2010-01-28 03:15:22  Released ReadLock[1]
1264677322407 2010-01-28 03:15:22  FINISHED ReadLock[1] THREAD.
1264677322492 2010-01-28 03:15:22  Failed to Acquire WriteLock[0]
1264677323493 2010-01-28 03:15:23  Failed to Acquire WriteLock[0]
1264677324077 2010-01-28 03:15:24  Released ReadLock[9]
1264677324077 2010-01-28 03:15:24    Locked WriteLock[0]
1264677324077 2010-01-28 03:15:24  FINISHED ReadLock[9] THREAD.
1264677324077 2010-01-28 03:15:24    Sleeping WriteLock[0] for 10948ms
1264677335025 2010-01-28 03:15:35  Released WriteLock[0]
1264677335025 2010-01-28 03:15:35  Sleeping WriteLock[0] for 3029ms
1264677338054 2010-01-28 03:15:38  Acquiring WriteLock[0]...
1264677338055 2010-01-28 03:15:38    Locked WriteLock[0]
1264677338055 2010-01-28 03:15:38    Sleeping WriteLock[0] for 11447ms
1264677349502 2010-01-28 03:15:49  Released WriteLock[0]
1264677349502 2010-01-28 03:15:49  Sleeping WriteLock[0] for 3515ms
1264677353017 2010-01-28 03:15:53  Acquiring WriteLock[0]...
1264677353017 2010-01-28 03:15:53    Locked WriteLock[0]
1264677353017 2010-01-28 03:15:53    Sleeping WriteLock[0] for 6053ms
1264677359070 2010-01-28 03:15:59  Released WriteLock[0]
1264677359070 2010-01-28 03:15:59  Sleeping WriteLock[0] for 4491ms
1264677363561 2010-01-28 03:16:03  Acquiring WriteLock[0]...
1264677363562 2010-01-28 03:16:03    Locked WriteLock[0]
1264677363562 2010-01-28 03:16:03    Sleeping WriteLock[0] for 4761ms
1264677368323 2010-01-28 03:16:08  Released WriteLock[0]
1264677368323 2010-01-28 03:16:08  Sleeping WriteLock[0] for 3719ms
1264677372042 2010-01-28 03:16:12  Acquiring WriteLock[0]...
1264677372042 2010-01-28 03:16:12    Locked WriteLock[0]
1264677372042 2010-01-28 03:16:12    Sleeping WriteLock[0] for 12854ms
1264677384896 2010-01-28 03:16:24  Released WriteLock[0]
1264677384896 2010-01-28 03:16:24  Sleeping WriteLock[0] for 1077ms
1264677385973 2010-01-28 03:16:25  Acquiring WriteLock[0]...
1264677385973 2010-01-28 03:16:25    Locked WriteLock[0]
1264677385974 2010-01-28 03:16:25    Sleeping WriteLock[0] for 12677ms
1264677398651 2010-01-28 03:16:38  Released WriteLock[0]
1264677398651 2010-01-28 03:16:38  Sleeping WriteLock[0] for 2473ms
1264677401124 2010-01-28 03:16:41  Acquiring WriteLock[0]...
1264677401124 2010-01-28 03:16:41    Locked WriteLock[0]
1264677401124 2010-01-28 03:16:41    Sleeping WriteLock[0] for 9262ms
1264677410386 2010-01-28 03:16:50  Released WriteLock[0]
1264677410386 2010-01-28 03:16:50  Sleeping WriteLock[0] for 1095ms
1264677411481 2010-01-28 03:16:51  Acquiring WriteLock[0]...
1264677411481 2010-01-28 03:16:51    Locked WriteLock[0]
1264677411481 2010-01-28 03:16:51    Sleeping WriteLock[0] for 13844ms
1264677425326 2010-01-28 03:17:05  Released WriteLock[0]
1264677425326 2010-01-28 03:17:05  Sleeping WriteLock[0] for 84ms
1264677425410 2010-01-28 03:17:05  Acquiring WriteLock[0]...
1264677425410 2010-01-28 03:17:05    Locked WriteLock[0]
1264677425410 2010-01-28 03:17:05    Sleeping WriteLock[0] for 7875ms
1264677433285 2010-01-28 03:17:13  Released WriteLock[0]
1264677433285 2010-01-28 03:17:13  Sleeping WriteLock[0] for 2241ms
1264677435526 2010-01-28 03:17:15  Acquiring WriteLock[0]...
1264677435526 2010-01-28 03:17:15    Locked WriteLock[0]
1264677435526 2010-01-28 03:17:15    Sleeping WriteLock[0] for 12320ms
1264677447846 2010-01-28 03:17:27  Released WriteLock[0]
1264677447847 2010-01-28 03:17:27  FINISHED WriteLock[0] THREAD.
Waiting for ReadLock[1] Thread to Finish...
Waiting for ReadLock[2] Thread to Finish...
Waiting for ReadLock[3] Thread to Finish...
Waiting for ReadLock[4] Thread to Finish...
Waiting for ReadLock[5] Thread to Finish...
Waiting for ReadLock[6] Thread to Finish...
Waiting for ReadLock[7] Thread to Finish...
Waiting for ReadLock[8] Thread to Finish...
Waiting for ReadLock[9] Thread to Finish...

Compilation finished at Thu Jan 28 03:17:28
