-*- mode: compilation; default-directory: "~/code-trex/src/pipeline/src/java/misc/" -*-
Compilation started at Thu Jan 28 03:23:10

pljava --source=WaitTryLocker.java -- unfair 10 10
Using debug port (45140).
Listening for transport dt_socket at address: 45140
------------------------------------------------
  Unfair Requested Policy
  Unfair Actual Policy
  1 Write Lock, 9 Read Locks
  10 Iterations
------------------------------------------------
Waiting for WriteLock[0] Thread to Finish...
1264677791836 2010-01-28 03:23:11  STARTED ReadLock[5] THREAD.
1264677791836 2010-01-28 03:23:11  STARTED ReadLock[3] THREAD.
1264677791836 2010-01-28 03:23:11  STARTED ReadLock[4] THREAD.
1264677791847 2010-01-28 03:23:11  Acquiring ReadLock[3]...
1264677791847 2010-01-28 03:23:11  Acquiring ReadLock[4]...
1264677791835 2010-01-28 03:23:11  STARTED ReadLock[2] THREAD.
1264677791831 2010-01-28 03:23:11  STARTED ReadLock[1] THREAD.
1264677791847 2010-01-28 03:23:11  Acquiring ReadLock[2]...
1264677791848 2010-01-28 03:23:11  Acquiring ReadLock[1]...
1264677791848 2010-01-28 03:23:11    Locked ReadLock[2]
1264677791848 2010-01-28 03:23:11    Locked ReadLock[1]
1264677791848 2010-01-28 03:23:11    Sleeping ReadLock[2] for 13446ms
1264677791831 2010-01-28 03:23:11  STARTED WriteLock[0] THREAD.
1264677791848 2010-01-28 03:23:11    Sleeping ReadLock[1] for 6646ms
1264677791843 2010-01-28 03:23:11  STARTED ReadLock[7] THREAD.
1264677791848 2010-01-28 03:23:11  Sleeping WriteLock[0] for 1360ms
1264677791848 2010-01-28 03:23:11  Acquiring ReadLock[5]...
1264677791848 2010-01-28 03:23:11    Locked ReadLock[3]
1264677791844 2010-01-28 03:23:11  STARTED ReadLock[8] THREAD.
1264677791848 2010-01-28 03:23:11    Sleeping ReadLock[3] for 2678ms
1264677791848 2010-01-28 03:23:11  Acquiring ReadLock[8]...
1264677791848 2010-01-28 03:23:11    Locked ReadLock[5]
1264677791848 2010-01-28 03:23:11    Locked ReadLock[8]
1264677791848 2010-01-28 03:23:11    Sleeping ReadLock[5] for 7775ms
1264677791848 2010-01-28 03:23:11    Sleeping ReadLock[8] for 9921ms
1264677791848 2010-01-28 03:23:11  Acquiring ReadLock[7]...
1264677791848 2010-01-28 03:23:11    Locked ReadLock[4]
1264677791848 2010-01-28 03:23:11    Locked ReadLock[7]
1264677791848 2010-01-28 03:23:11    Sleeping ReadLock[4] for 4068ms
1264677791848 2010-01-28 03:23:11    Sleeping ReadLock[7] for 1769ms
1264677791836 2010-01-28 03:23:11  STARTED ReadLock[6] THREAD.
1264677791848 2010-01-28 03:23:11  Acquiring ReadLock[6]...
1264677791848 2010-01-28 03:23:11    Locked ReadLock[6]
1264677791848 2010-01-28 03:23:11    Sleeping ReadLock[6] for 9207ms
1264677791844 2010-01-28 03:23:11  STARTED ReadLock[9] THREAD.
1264677791848 2010-01-28 03:23:11  Acquiring ReadLock[9]...
1264677791849 2010-01-28 03:23:11    Locked ReadLock[9]
1264677791849 2010-01-28 03:23:11    Sleeping ReadLock[9] for 1514ms
1264677793208 2010-01-28 03:23:13  Acquiring WriteLock[0]...
1264677793363 2010-01-28 03:23:13  Released ReadLock[9]
1264677793363 2010-01-28 03:23:13  Acquiring ReadLock[9]...
1264677793617 2010-01-28 03:23:13  Released ReadLock[7]
1264677793617 2010-01-28 03:23:13  Acquiring ReadLock[7]...
1264677794209 2010-01-28 03:23:14  Failed to Acquire WriteLock[0]
1264677794213 2010-01-28 03:23:14    Locked ReadLock[9]
1264677794213 2010-01-28 03:23:14    Locked ReadLock[7]
1264677794213 2010-01-28 03:23:14    Sleeping ReadLock[9] for 7153ms
1264677794213 2010-01-28 03:23:14    Sleeping ReadLock[7] for 1923ms
1264677794526 2010-01-28 03:23:14  Released ReadLock[3]
1264677794526 2010-01-28 03:23:14  Acquiring ReadLock[3]...
1264677795210 2010-01-28 03:23:15    Locked ReadLock[3]
1264677795210 2010-01-28 03:23:15  Failed to Acquire WriteLock[0]
1264677795210 2010-01-28 03:23:15    Sleeping ReadLock[3] for 7721ms
1264677795916 2010-01-28 03:23:15  Released ReadLock[4]
1264677795916 2010-01-28 03:23:15  Acquiring ReadLock[4]...
1264677796136 2010-01-28 03:23:16  Released ReadLock[7]
1264677796136 2010-01-28 03:23:16  Acquiring ReadLock[7]...
1264677796210 2010-01-28 03:23:16  Failed to Acquire WriteLock[0]
1264677796210 2010-01-28 03:23:16    Locked ReadLock[4]
1264677796210 2010-01-28 03:23:16    Locked ReadLock[7]
1264677796210 2010-01-28 03:23:16    Sleeping ReadLock[4] for 8690ms
1264677796210 2010-01-28 03:23:16    Sleeping ReadLock[7] for 7642ms
1264677797210 2010-01-28 03:23:17  Failed to Acquire WriteLock[0]
1264677798210 2010-01-28 03:23:18  Failed to Acquire WriteLock[0]
1264677798494 2010-01-28 03:23:18  Released ReadLock[1]
1264677798494 2010-01-28 03:23:18  Acquiring ReadLock[1]...
1264677799210 2010-01-28 03:23:19    Locked ReadLock[1]
1264677799210 2010-01-28 03:23:19  Failed to Acquire WriteLock[0]
1264677799210 2010-01-28 03:23:19    Sleeping ReadLock[1] for 11477ms
1264677799623 2010-01-28 03:23:19  Released ReadLock[5]
1264677799623 2010-01-28 03:23:19  Acquiring ReadLock[5]...
1264677800210 2010-01-28 03:23:20    Locked ReadLock[5]
1264677800210 2010-01-28 03:23:20  Failed to Acquire WriteLock[0]
1264677800211 2010-01-28 03:23:20    Sleeping ReadLock[5] for 2908ms
1264677801055 2010-01-28 03:23:21  Released ReadLock[6]
1264677801056 2010-01-28 03:23:21  Acquiring ReadLock[6]...
1264677801211 2010-01-28 03:23:21  Failed to Acquire WriteLock[0]
1264677801211 2010-01-28 03:23:21    Locked ReadLock[6]
1264677801211 2010-01-28 03:23:21    Sleeping ReadLock[6] for 14944ms
1264677801366 2010-01-28 03:23:21  Released ReadLock[9]
1264677801366 2010-01-28 03:23:21  Acquiring ReadLock[9]...
1264677801769 2010-01-28 03:23:21  Released ReadLock[8]
1264677801769 2010-01-28 03:23:21  Acquiring ReadLock[8]...
1264677802211 2010-01-28 03:23:22    Locked ReadLock[9]
1264677802211 2010-01-28 03:23:22    Sleeping ReadLock[9] for 1278ms
1264677802211 2010-01-28 03:23:22  Failed to Acquire WriteLock[0]
1264677802211 2010-01-28 03:23:22    Locked ReadLock[8]
1264677802211 2010-01-28 03:23:22    Sleeping ReadLock[8] for 11519ms
1264677802931 2010-01-28 03:23:22  Released ReadLock[3]
1264677802931 2010-01-28 03:23:22  Acquiring ReadLock[3]...
1264677803119 2010-01-28 03:23:23  Released ReadLock[5]
1264677803119 2010-01-28 03:23:23  Acquiring ReadLock[5]...
1264677803211 2010-01-28 03:23:23    Locked ReadLock[3]
1264677803211 2010-01-28 03:23:23  Failed to Acquire WriteLock[0]
1264677803211 2010-01-28 03:23:23    Sleeping ReadLock[3] for 7734ms
1264677803211 2010-01-28 03:23:23    Locked ReadLock[5]
1264677803211 2010-01-28 03:23:23    Sleeping ReadLock[5] for 6524ms
1264677803489 2010-01-28 03:23:23  Released ReadLock[9]
1264677803489 2010-01-28 03:23:23  Acquiring ReadLock[9]...
1264677803852 2010-01-28 03:23:23  Released ReadLock[7]
1264677803852 2010-01-28 03:23:23  Acquiring ReadLock[7]...
1264677804211 2010-01-28 03:23:24    Locked ReadLock[7]
1264677804211 2010-01-28 03:23:24    Locked ReadLock[9]
1264677804211 2010-01-28 03:23:24  Failed to Acquire WriteLock[0]
1264677804211 2010-01-28 03:23:24    Sleeping ReadLock[9] for 9367ms
1264677804211 2010-01-28 03:23:24    Sleeping ReadLock[7] for 5360ms
1264677804900 2010-01-28 03:23:24  Released ReadLock[4]
1264677804900 2010-01-28 03:23:24  Acquiring ReadLock[4]...
1264677805211 2010-01-28 03:23:25  Failed to Acquire WriteLock[0]
1264677805212 2010-01-28 03:23:25    Locked ReadLock[4]
1264677805212 2010-01-28 03:23:25    Sleeping ReadLock[4] for 1727ms
1264677805294 2010-01-28 03:23:25  Released ReadLock[2]
1264677805294 2010-01-28 03:23:25  Acquiring ReadLock[2]...
1264677806212 2010-01-28 03:23:26  Failed to Acquire WriteLock[0]
1264677806212 2010-01-28 03:23:26    Locked ReadLock[2]
1264677806212 2010-01-28 03:23:26    Sleeping ReadLock[2] for 12496ms
1264677806939 2010-01-28 03:23:26  Released ReadLock[4]
1264677806939 2010-01-28 03:23:26  Acquiring ReadLock[4]...
1264677807212 2010-01-28 03:23:27  Failed to Acquire WriteLock[0]
1264677807212 2010-01-28 03:23:27    Locked ReadLock[4]
1264677807212 2010-01-28 03:23:27    Sleeping ReadLock[4] for 581ms
1264677807793 2010-01-28 03:23:27  Released ReadLock[4]
1264677807793 2010-01-28 03:23:27  Acquiring ReadLock[4]...
1264677808212 2010-01-28 03:23:28  Failed to Acquire WriteLock[0]
1264677808212 2010-01-28 03:23:28    Locked ReadLock[4]
1264677808212 2010-01-28 03:23:28    Sleeping ReadLock[4] for 2865ms
1264677809212 2010-01-28 03:23:29  Failed to Acquire WriteLock[0]
1264677809572 2010-01-28 03:23:29  Released ReadLock[7]
1264677809572 2010-01-28 03:23:29  Acquiring ReadLock[7]...
1264677809735 2010-01-28 03:23:29  Released ReadLock[5]
1264677809735 2010-01-28 03:23:29  Acquiring ReadLock[5]...
1264677810212 2010-01-28 03:23:30    Locked ReadLock[7]
1264677810212 2010-01-28 03:23:30    Sleeping ReadLock[7] for 7297ms
1264677810212 2010-01-28 03:23:30    Locked ReadLock[5]
1264677810212 2010-01-28 03:23:30    Sleeping ReadLock[5] for 4183ms
1264677810212 2010-01-28 03:23:30  Failed to Acquire WriteLock[0]
1264677810687 2010-01-28 03:23:30  Released ReadLock[1]
1264677810688 2010-01-28 03:23:30  Acquiring ReadLock[1]...
1264677810945 2010-01-28 03:23:30  Released ReadLock[3]
1264677810945 2010-01-28 03:23:30  Acquiring ReadLock[3]...
1264677811077 2010-01-28 03:23:31  Released ReadLock[4]
1264677811077 2010-01-28 03:23:31  Acquiring ReadLock[4]...
1264677811217 2010-01-28 03:23:31    Locked ReadLock[3]
1264677811217 2010-01-28 03:23:31    Sleeping ReadLock[3] for 13617ms
1264677811217 2010-01-28 03:23:31  Failed to Acquire WriteLock[0]
1264677811217 2010-01-28 03:23:31    Locked ReadLock[1]
1264677811217 2010-01-28 03:23:31    Locked ReadLock[4]
1264677811217 2010-01-28 03:23:31    Sleeping ReadLock[1] for 11360ms
1264677811217 2010-01-28 03:23:31    Sleeping ReadLock[4] for 8908ms
1264677812217 2010-01-28 03:23:32  Failed to Acquire WriteLock[0]
1264677813217 2010-01-28 03:23:33  Failed to Acquire WriteLock[0]
1264677813579 2010-01-28 03:23:33  Released ReadLock[9]
1264677813579 2010-01-28 03:23:33  Acquiring ReadLock[9]...
1264677813730 2010-01-28 03:23:33  Released ReadLock[8]
1264677813730 2010-01-28 03:23:33  Acquiring ReadLock[8]...
1264677814217 2010-01-28 03:23:34    Locked ReadLock[9]
1264677814217 2010-01-28 03:23:34    Locked ReadLock[8]
1264677814218 2010-01-28 03:23:34    Sleeping ReadLock[8] for 9460ms
1264677814217 2010-01-28 03:23:34  Failed to Acquire WriteLock[0]
1264677814217 2010-01-28 03:23:34    Sleeping ReadLock[9] for 9745ms
1264677814395 2010-01-28 03:23:34  Released ReadLock[5]
1264677814396 2010-01-28 03:23:34  Acquiring ReadLock[5]...
1264677815218 2010-01-28 03:23:35  Failed to Acquire WriteLock[0]
1264677815218 2010-01-28 03:23:35    Locked ReadLock[5]
1264677815218 2010-01-28 03:23:35    Sleeping ReadLock[5] for 12259ms
1264677816155 2010-01-28 03:23:36  Released ReadLock[6]
1264677816155 2010-01-28 03:23:36  Acquiring ReadLock[6]...
1264677816218 2010-01-28 03:23:36  Failed to Acquire WriteLock[0]
1264677816218 2010-01-28 03:23:36    Locked ReadLock[6]
1264677816218 2010-01-28 03:23:36    Sleeping ReadLock[6] for 7112ms
1264677817218 2010-01-28 03:23:37  Failed to Acquire WriteLock[0]
1264677817509 2010-01-28 03:23:37  Released ReadLock[7]
1264677817509 2010-01-28 03:23:37  Acquiring ReadLock[7]...
1264677818218 2010-01-28 03:23:38    Locked ReadLock[7]
1264677818218 2010-01-28 03:23:38  Failed to Acquire WriteLock[0]
1264677818218 2010-01-28 03:23:38    Sleeping ReadLock[7] for 4025ms
1264677818708 2010-01-28 03:23:38  Released ReadLock[2]
1264677818708 2010-01-28 03:23:38  Acquiring ReadLock[2]...
1264677819218 2010-01-28 03:23:39  Failed to Acquire WriteLock[0]
1264677819218 2010-01-28 03:23:39    Locked ReadLock[2]
1264677819218 2010-01-28 03:23:39    Sleeping ReadLock[2] for 1623ms
1264677820125 2010-01-28 03:23:40  Released ReadLock[4]
1264677820125 2010-01-28 03:23:40  Acquiring ReadLock[4]...
1264677820218 2010-01-28 03:23:40  Failed to Acquire WriteLock[0]
1264677820219 2010-01-28 03:23:40    Locked ReadLock[4]
1264677820219 2010-01-28 03:23:40    Sleeping ReadLock[4] for 13277ms
1264677820842 2010-01-28 03:23:40  Released ReadLock[2]
1264677820842 2010-01-28 03:23:40  Acquiring ReadLock[2]...
1264677821219 2010-01-28 03:23:41  Failed to Acquire WriteLock[0]
1264677821220 2010-01-28 03:23:41    Locked ReadLock[2]
1264677821220 2010-01-28 03:23:41    Sleeping ReadLock[2] for 7726ms
1264677822219 2010-01-28 03:23:42  Failed to Acquire WriteLock[0]
1264677822243 2010-01-28 03:23:42  Released ReadLock[7]
1264677822243 2010-01-28 03:23:42  Acquiring ReadLock[7]...
1264677822577 2010-01-28 03:23:42  Released ReadLock[1]
1264677822577 2010-01-28 03:23:42  Acquiring ReadLock[1]...
1264677823219 2010-01-28 03:23:43    Locked ReadLock[1]
1264677823219 2010-01-28 03:23:43  Failed to Acquire WriteLock[0]
1264677823219 2010-01-28 03:23:43    Sleeping ReadLock[1] for 9200ms
1264677823219 2010-01-28 03:23:43    Locked ReadLock[7]
1264677823219 2010-01-28 03:23:43    Sleeping ReadLock[7] for 11808ms
1264677823330 2010-01-28 03:23:43  Released ReadLock[6]
1264677823330 2010-01-28 03:23:43  Acquiring ReadLock[6]...
1264677823678 2010-01-28 03:23:43  Released ReadLock[8]
1264677823678 2010-01-28 03:23:43  Acquiring ReadLock[8]...
1264677823963 2010-01-28 03:23:43  Released ReadLock[9]
1264677823963 2010-01-28 03:23:43  Acquiring ReadLock[9]...
1264677824219 2010-01-28 03:23:44  Failed to Acquire WriteLock[0]
1264677824219 2010-01-28 03:23:44    Locked ReadLock[6]
1264677824219 2010-01-28 03:23:44    Sleeping ReadLock[6] for 5744ms
1264677824219 2010-01-28 03:23:44    Locked ReadLock[8]
1264677824219 2010-01-28 03:23:44    Locked ReadLock[9]
1264677824219 2010-01-28 03:23:44    Sleeping ReadLock[8] for 6578ms
1264677824219 2010-01-28 03:23:44    Sleeping ReadLock[9] for 6678ms
1264677824834 2010-01-28 03:23:44  Released ReadLock[3]
1264677824834 2010-01-28 03:23:44  Acquiring ReadLock[3]...
1264677825219 2010-01-28 03:23:45    Locked ReadLock[3]
1264677825219 2010-01-28 03:23:45  Failed to Acquire WriteLock[0]
1264677825219 2010-01-28 03:23:45    Sleeping ReadLock[3] for 14513ms
1264677826219 2010-01-28 03:23:46  Failed to Acquire WriteLock[0]
1264677827220 2010-01-28 03:23:47  Failed to Acquire WriteLock[0]
1264677827477 2010-01-28 03:23:47  Released ReadLock[5]
1264677827477 2010-01-28 03:23:47  Acquiring ReadLock[5]...
1264677828220 2010-01-28 03:23:48    Locked ReadLock[5]
1264677828220 2010-01-28 03:23:48  Failed to Acquire WriteLock[0]
1264677828220 2010-01-28 03:23:48    Sleeping ReadLock[5] for 9881ms
1264677828946 2010-01-28 03:23:48  Released ReadLock[2]
1264677828946 2010-01-28 03:23:48  Acquiring ReadLock[2]...
1264677829220 2010-01-28 03:23:49    Locked ReadLock[2]
1264677829220 2010-01-28 03:23:49  Failed to Acquire WriteLock[0]
1264677829220 2010-01-28 03:23:49    Sleeping ReadLock[2] for 7650ms
1264677829963 2010-01-28 03:23:49  Released ReadLock[6]
1264677829963 2010-01-28 03:23:49  Acquiring ReadLock[6]...
1264677830220 2010-01-28 03:23:50  Failed to Acquire WriteLock[0]
1264677830220 2010-01-28 03:23:50    Locked ReadLock[6]
1264677830220 2010-01-28 03:23:50    Sleeping ReadLock[6] for 11035ms
1264677830797 2010-01-28 03:23:50  Released ReadLock[8]
1264677830798 2010-01-28 03:23:50  Acquiring ReadLock[8]...
1264677830897 2010-01-28 03:23:50  Released ReadLock[9]
1264677830898 2010-01-28 03:23:50  Acquiring ReadLock[9]...
1264677831220 2010-01-28 03:23:51  Failed to Acquire WriteLock[0]
1264677831220 2010-01-28 03:23:51    Locked ReadLock[8]
1264677831220 2010-01-28 03:23:51    Locked ReadLock[9]
1264677831220 2010-01-28 03:23:51    Sleeping ReadLock[8] for 3888ms
1264677831221 2010-01-28 03:23:51    Sleeping ReadLock[9] for 11870ms
1264677832220 2010-01-28 03:23:52  Failed to Acquire WriteLock[0]
1264677832419 2010-01-28 03:23:52  Released ReadLock[1]
1264677832419 2010-01-28 03:23:52  Acquiring ReadLock[1]...
1264677833221 2010-01-28 03:23:53    Locked ReadLock[1]
1264677833221 2010-01-28 03:23:53  Failed to Acquire WriteLock[0]
1264677833221 2010-01-28 03:23:53    Sleeping ReadLock[1] for 9112ms
1264677833496 2010-01-28 03:23:53  Released ReadLock[4]
1264677833496 2010-01-28 03:23:53  Acquiring ReadLock[4]...
1264677834221 2010-01-28 03:23:54  Failed to Acquire WriteLock[0]
1264677834221 2010-01-28 03:23:54    Locked ReadLock[4]
1264677834221 2010-01-28 03:23:54    Sleeping ReadLock[4] for 6369ms
1264677835027 2010-01-28 03:23:55  Released ReadLock[7]
1264677835027 2010-01-28 03:23:55  Acquiring ReadLock[7]...
1264677835109 2010-01-28 03:23:55  Released ReadLock[8]
1264677835109 2010-01-28 03:23:55  Acquiring ReadLock[8]...
1264677835221 2010-01-28 03:23:55    Locked ReadLock[7]
1264677835221 2010-01-28 03:23:55    Sleeping ReadLock[7] for 2260ms
1264677835221 2010-01-28 03:23:55  Failed to Acquire WriteLock[0]
1264677835221 2010-01-28 03:23:55    Locked ReadLock[8]
1264677835221 2010-01-28 03:23:55    Sleeping ReadLock[8] for 12750ms
1264677836221 2010-01-28 03:23:56  Failed to Acquire WriteLock[0]
1264677836870 2010-01-28 03:23:56  Released ReadLock[2]
1264677836870 2010-01-28 03:23:56  Acquiring ReadLock[2]...
1264677837221 2010-01-28 03:23:57    Locked ReadLock[2]
1264677837221 2010-01-28 03:23:57  Failed to Acquire WriteLock[0]
1264677837222 2010-01-28 03:23:57    Sleeping ReadLock[2] for 11935ms
1264677837481 2010-01-28 03:23:57  Released ReadLock[7]
1264677837481 2010-01-28 03:23:57  Acquiring ReadLock[7]...
1264677838101 2010-01-28 03:23:58  Released ReadLock[5]
1264677838101 2010-01-28 03:23:58  Acquiring ReadLock[5]...
1264677838222 2010-01-28 03:23:58    Locked ReadLock[7]
1264677838222 2010-01-28 03:23:58  Failed to Acquire WriteLock[0]
1264677838222 2010-01-28 03:23:58    Sleeping ReadLock[7] for 6880ms
1264677838222 2010-01-28 03:23:58    Locked ReadLock[5]
1264677838222 2010-01-28 03:23:58    Sleeping ReadLock[5] for 6943ms
1264677839222 2010-01-28 03:23:59  Failed to Acquire WriteLock[0]
1264677839732 2010-01-28 03:23:59  Released ReadLock[3]
1264677839732 2010-01-28 03:23:59  Acquiring ReadLock[3]...
1264677840222 2010-01-28 03:24:00  Failed to Acquire WriteLock[0]
1264677840222 2010-01-28 03:24:00    Locked ReadLock[3]
1264677840222 2010-01-28 03:24:00    Sleeping ReadLock[3] for 13141ms
1264677840590 2010-01-28 03:24:00  Released ReadLock[4]
1264677840590 2010-01-28 03:24:00  Acquiring ReadLock[4]...
1264677841222 2010-01-28 03:24:01  Failed to Acquire WriteLock[0]
1264677841222 2010-01-28 03:24:01    Locked ReadLock[4]
1264677841222 2010-01-28 03:24:01    Sleeping ReadLock[4] for 5109ms
1264677841255 2010-01-28 03:24:01  Released ReadLock[6]
1264677841255 2010-01-28 03:24:01  Acquiring ReadLock[6]...
1264677842222 2010-01-28 03:24:02  Failed to Acquire WriteLock[0]
1264677842222 2010-01-28 03:24:02    Locked ReadLock[6]
1264677842222 2010-01-28 03:24:02    Sleeping ReadLock[6] for 11625ms
1264677842333 2010-01-28 03:24:02  Released ReadLock[1]
1264677842333 2010-01-28 03:24:02  Acquiring ReadLock[1]...
1264677843091 2010-01-28 03:24:03  Released ReadLock[9]
1264677843091 2010-01-28 03:24:03  Acquiring ReadLock[9]...
1264677843222 2010-01-28 03:24:03  Failed to Acquire WriteLock[0]
1264677843223 2010-01-28 03:24:03    Locked ReadLock[9]
1264677843223 2010-01-28 03:24:03    Sleeping ReadLock[9] for 12568ms
1264677843222 2010-01-28 03:24:03    Locked ReadLock[1]
1264677843223 2010-01-28 03:24:03    Sleeping ReadLock[1] for 2010ms
1264677844223 2010-01-28 03:24:04  Failed to Acquire WriteLock[0]
1264677845102 2010-01-28 03:24:05  Released ReadLock[7]
1264677845102 2010-01-28 03:24:05  Acquiring ReadLock[7]...
1264677845165 2010-01-28 03:24:05  Released ReadLock[5]
1264677845165 2010-01-28 03:24:05  Acquiring ReadLock[5]...
1264677845223 2010-01-28 03:24:05    Locked ReadLock[7]
1264677845223 2010-01-28 03:24:05  Failed to Acquire WriteLock[0]
1264677845223 2010-01-28 03:24:05    Sleeping ReadLock[7] for 3273ms
1264677845223 2010-01-28 03:24:05    Locked ReadLock[5]
1264677845223 2010-01-28 03:24:05    Sleeping ReadLock[5] for 7712ms
1264677845233 2010-01-28 03:24:05  Released ReadLock[1]
1264677845233 2010-01-28 03:24:05  Acquiring ReadLock[1]...
1264677846223 2010-01-28 03:24:06    Locked ReadLock[1]
1264677846223 2010-01-28 03:24:06    Sleeping ReadLock[1] for 3433ms
1264677846223 2010-01-28 03:24:06  Failed to Acquire WriteLock[0]
1264677846331 2010-01-28 03:24:06  Released ReadLock[4]
1264677846331 2010-01-28 03:24:06  Acquiring ReadLock[4]...
1264677847224 2010-01-28 03:24:07  Failed to Acquire WriteLock[0]
1264677847224 2010-01-28 03:24:07    Locked ReadLock[4]
1264677847224 2010-01-28 03:24:07    Sleeping ReadLock[4] for 13544ms
1264677847971 2010-01-28 03:24:07  Released ReadLock[8]
1264677847971 2010-01-28 03:24:07  Acquiring ReadLock[8]...
1264677848224 2010-01-28 03:24:08  Failed to Acquire WriteLock[0]
1264677848225 2010-01-28 03:24:08    Locked ReadLock[8]
1264677848225 2010-01-28 03:24:08    Sleeping ReadLock[8] for 7230ms
1264677848496 2010-01-28 03:24:08  Released ReadLock[7]
1264677848496 2010-01-28 03:24:08  FINISHED ReadLock[7] THREAD.
1264677849157 2010-01-28 03:24:09  Released ReadLock[2]
1264677849157 2010-01-28 03:24:09  Acquiring ReadLock[2]...
1264677849225 2010-01-28 03:24:09  Failed to Acquire WriteLock[0]
1264677849225 2010-01-28 03:24:09    Locked ReadLock[2]
1264677849225 2010-01-28 03:24:09    Sleeping ReadLock[2] for 248ms
1264677849473 2010-01-28 03:24:09  Released ReadLock[2]
1264677849473 2010-01-28 03:24:09  Acquiring ReadLock[2]...
1264677849656 2010-01-28 03:24:09  Released ReadLock[1]
1264677849656 2010-01-28 03:24:09  Acquiring ReadLock[1]...
1264677850225 2010-01-28 03:24:10    Locked ReadLock[1]
1264677850225 2010-01-28 03:24:10    Sleeping ReadLock[1] for 1218ms
1264677850225 2010-01-28 03:24:10    Locked ReadLock[2]
1264677850226 2010-01-28 03:24:10    Sleeping ReadLock[2] for 4566ms
1264677850225 2010-01-28 03:24:10  Failed to Acquire WriteLock[0]
1264677851229 2010-01-28 03:24:11  Failed to Acquire WriteLock[0]
1264677851443 2010-01-28 03:24:11  Released ReadLock[1]
1264677851443 2010-01-28 03:24:11  Acquiring ReadLock[1]...
1264677852229 2010-01-28 03:24:12    Locked ReadLock[1]
1264677852229 2010-01-28 03:24:12  Failed to Acquire WriteLock[0]
1264677852229 2010-01-28 03:24:12    Sleeping ReadLock[1] for 12800ms
1264677852935 2010-01-28 03:24:12  Released ReadLock[5]
1264677852935 2010-01-28 03:24:12  Acquiring ReadLock[5]...
1264677853230 2010-01-28 03:24:13    Locked ReadLock[5]
1264677853230 2010-01-28 03:24:13  Failed to Acquire WriteLock[0]
1264677853230 2010-01-28 03:24:13    Sleeping ReadLock[5] for 7328ms
1264677853363 2010-01-28 03:24:13  Released ReadLock[3]
1264677853363 2010-01-28 03:24:13  Acquiring ReadLock[3]...
1264677853848 2010-01-28 03:24:13  Released ReadLock[6]
1264677853848 2010-01-28 03:24:13  Acquiring ReadLock[6]...
1264677854230 2010-01-28 03:24:14  Failed to Acquire WriteLock[0]
1264677854230 2010-01-28 03:24:14    Locked ReadLock[3]
1264677854230 2010-01-28 03:24:14    Locked ReadLock[6]
1264677854230 2010-01-28 03:24:14    Sleeping ReadLock[3] for 3145ms
1264677854230 2010-01-28 03:24:14    Sleeping ReadLock[6] for 11018ms
1264677854792 2010-01-28 03:24:14  Released ReadLock[2]
1264677854792 2010-01-28 03:24:14  Acquiring ReadLock[2]...
1264677855230 2010-01-28 03:24:15  Failed to Acquire WriteLock[0]
1264677855230 2010-01-28 03:24:15    Locked ReadLock[2]
1264677855230 2010-01-28 03:24:15    Sleeping ReadLock[2] for 9086ms
1264677855455 2010-01-28 03:24:15  Released ReadLock[8]
1264677855455 2010-01-28 03:24:15  Acquiring ReadLock[8]...
1264677855791 2010-01-28 03:24:15  Released ReadLock[9]
1264677855791 2010-01-28 03:24:15  Acquiring ReadLock[9]...
1264677856230 2010-01-28 03:24:16  Failed to Acquire WriteLock[0]
1264677856230 2010-01-28 03:24:16    Locked ReadLock[8]
1264677856230 2010-01-28 03:24:16    Locked ReadLock[9]
1264677856230 2010-01-28 03:24:16    Sleeping ReadLock[8] for 10742ms
1264677856230 2010-01-28 03:24:16    Sleeping ReadLock[9] for 8295ms
1264677857230 2010-01-28 03:24:17  Failed to Acquire WriteLock[0]
1264677857375 2010-01-28 03:24:17  Released ReadLock[3]
1264677857375 2010-01-28 03:24:17  Acquiring ReadLock[3]...
1264677858230 2010-01-28 03:24:18    Locked ReadLock[3]
1264677858230 2010-01-28 03:24:18  Failed to Acquire WriteLock[0]
1264677858230 2010-01-28 03:24:18    Sleeping ReadLock[3] for 12315ms
1264677859230 2010-01-28 03:24:19  Failed to Acquire WriteLock[0]
1264677860231 2010-01-28 03:24:20  Failed to Acquire WriteLock[0]
1264677860558 2010-01-28 03:24:20  Released ReadLock[5]
1264677860558 2010-01-28 03:24:20  Acquiring ReadLock[5]...
1264677860769 2010-01-28 03:24:20  Released ReadLock[4]
1264677860769 2010-01-28 03:24:20  FINISHED ReadLock[4] THREAD.
1264677861231 2010-01-28 03:24:21    Locked ReadLock[5]
1264677861231 2010-01-28 03:24:21    Sleeping ReadLock[5] for 3836ms
1264677861231 2010-01-28 03:24:21  Failed to Acquire WriteLock[0]
1264677862237 2010-01-28 03:24:22  Failed to Acquire WriteLock[0]
1264677863237 2010-01-28 03:24:23  Failed to Acquire WriteLock[0]
1264677864237 2010-01-28 03:24:24  Failed to Acquire WriteLock[0]
1264677864316 2010-01-28 03:24:24  Released ReadLock[2]
1264677864316 2010-01-28 03:24:24  Acquiring ReadLock[2]...
1264677864525 2010-01-28 03:24:24  Released ReadLock[9]
1264677864525 2010-01-28 03:24:24  Acquiring ReadLock[9]...
1264677865029 2010-01-28 03:24:25  Released ReadLock[1]
1264677865030 2010-01-28 03:24:25  Acquiring ReadLock[1]...
1264677865067 2010-01-28 03:24:25  Released ReadLock[5]
1264677865067 2010-01-28 03:24:25  FINISHED ReadLock[5] THREAD.
1264677865237 2010-01-28 03:24:25  Failed to Acquire WriteLock[0]
1264677865237 2010-01-28 03:24:25    Locked ReadLock[1]
1264677865237 2010-01-28 03:24:25    Sleeping ReadLock[1] for 11530ms
1264677865237 2010-01-28 03:24:25    Locked ReadLock[9]
1264677865237 2010-01-28 03:24:25    Locked ReadLock[2]
1264677865237 2010-01-28 03:24:25    Sleeping ReadLock[9] for 5850ms
1264677865237 2010-01-28 03:24:25    Sleeping ReadLock[2] for 5786ms
1264677865248 2010-01-28 03:24:25  Released ReadLock[6]
1264677865248 2010-01-28 03:24:25  Acquiring ReadLock[6]...
1264677866237 2010-01-28 03:24:26  Failed to Acquire WriteLock[0]
1264677866237 2010-01-28 03:24:26    Locked ReadLock[6]
1264677866237 2010-01-28 03:24:26    Sleeping ReadLock[6] for 11379ms
1264677866972 2010-01-28 03:24:26  Released ReadLock[8]
1264677866972 2010-01-28 03:24:26  Acquiring ReadLock[8]...
1264677867237 2010-01-28 03:24:27  Failed to Acquire WriteLock[0]
1264677867238 2010-01-28 03:24:27    Locked ReadLock[8]
1264677867238 2010-01-28 03:24:27    Sleeping ReadLock[8] for 196ms
1264677867434 2010-01-28 03:24:27  Released ReadLock[8]
1264677867434 2010-01-28 03:24:27  Acquiring ReadLock[8]...
1264677868238 2010-01-28 03:24:28  Failed to Acquire WriteLock[0]
1264677868238 2010-01-28 03:24:28    Locked ReadLock[8]
1264677868238 2010-01-28 03:24:28    Sleeping ReadLock[8] for 1332ms
1264677869238 2010-01-28 03:24:29  Failed to Acquire WriteLock[0]
1264677869570 2010-01-28 03:24:29  Released ReadLock[8]
1264677869570 2010-01-28 03:24:29  FINISHED ReadLock[8] THREAD.
1264677870238 2010-01-28 03:24:30  Failed to Acquire WriteLock[0]
1264677870545 2010-01-28 03:24:30  Released ReadLock[3]
1264677870546 2010-01-28 03:24:30  Acquiring ReadLock[3]...
1264677871024 2010-01-28 03:24:31  Released ReadLock[2]
1264677871024 2010-01-28 03:24:31  FINISHED ReadLock[2] THREAD.
1264677871087 2010-01-28 03:24:31  Released ReadLock[9]
1264677871088 2010-01-28 03:24:31  FINISHED ReadLock[9] THREAD.
1264677871238 2010-01-28 03:24:31  Failed to Acquire WriteLock[0]
1264677871238 2010-01-28 03:24:31    Locked ReadLock[3]
1264677871238 2010-01-28 03:24:31    Sleeping ReadLock[3] for 4061ms
1264677872238 2010-01-28 03:24:32  Failed to Acquire WriteLock[0]
1264677873238 2010-01-28 03:24:33  Failed to Acquire WriteLock[0]
1264677874239 2010-01-28 03:24:34  Failed to Acquire WriteLock[0]
1264677875239 2010-01-28 03:24:35  Failed to Acquire WriteLock[0]
1264677875299 2010-01-28 03:24:35  Released ReadLock[3]
1264677875299 2010-01-28 03:24:35  Acquiring ReadLock[3]...
1264677876239 2010-01-28 03:24:36    Locked ReadLock[3]
1264677876239 2010-01-28 03:24:36  Failed to Acquire WriteLock[0]
1264677876239 2010-01-28 03:24:36    Sleeping ReadLock[3] for 10323ms
1264677876767 2010-01-28 03:24:36  Released ReadLock[1]
1264677876767 2010-01-28 03:24:36  FINISHED ReadLock[1] THREAD.
1264677877239 2010-01-28 03:24:37  Failed to Acquire WriteLock[0]
1264677877617 2010-01-28 03:24:37  Released ReadLock[6]
1264677877617 2010-01-28 03:24:37  Acquiring ReadLock[6]...
1264677878239 2010-01-28 03:24:38  Failed to Acquire WriteLock[0]
1264677878239 2010-01-28 03:24:38    Locked ReadLock[6]
1264677878239 2010-01-28 03:24:38    Sleeping ReadLock[6] for 8335ms
1264677879239 2010-01-28 03:24:39  Failed to Acquire WriteLock[0]
1264677880239 2010-01-28 03:24:40  Failed to Acquire WriteLock[0]
1264677881240 2010-01-28 03:24:41  Failed to Acquire WriteLock[0]
1264677882240 2010-01-28 03:24:42  Failed to Acquire WriteLock[0]
1264677883240 2010-01-28 03:24:43  Failed to Acquire WriteLock[0]
1264677884240 2010-01-28 03:24:44  Failed to Acquire WriteLock[0]
1264677885240 2010-01-28 03:24:45  Failed to Acquire WriteLock[0]
1264677886240 2010-01-28 03:24:46  Failed to Acquire WriteLock[0]
1264677886562 2010-01-28 03:24:46  Released ReadLock[3]
1264677886562 2010-01-28 03:24:46  FINISHED ReadLock[3] THREAD.
1264677886574 2010-01-28 03:24:46  Released ReadLock[6]
1264677886575 2010-01-28 03:24:46  Acquiring ReadLock[6]...
1264677886575 2010-01-28 03:24:46    Locked WriteLock[0]
1264677886575 2010-01-28 03:24:46    Sleeping WriteLock[0] for 10948ms
1264677897523 2010-01-28 03:24:57  Released WriteLock[0]
1264677897523 2010-01-28 03:24:57  Sleeping WriteLock[0] for 3029ms
1264677897523 2010-01-28 03:24:57    Locked ReadLock[6]
1264677897523 2010-01-28 03:24:57    Sleeping ReadLock[6] for 2388ms
1264677899911 2010-01-28 03:24:59  Released ReadLock[6]
1264677899911 2010-01-28 03:24:59  FINISHED ReadLock[6] THREAD.
1264677900552 2010-01-28 03:25:00  Acquiring WriteLock[0]...
1264677900552 2010-01-28 03:25:00    Locked WriteLock[0]
1264677900552 2010-01-28 03:25:00    Sleeping WriteLock[0] for 11447ms
1264677911999 2010-01-28 03:25:11  Released WriteLock[0]
1264677911999 2010-01-28 03:25:11  Sleeping WriteLock[0] for 3515ms
1264677915514 2010-01-28 03:25:15  Acquiring WriteLock[0]...
1264677915515 2010-01-28 03:25:15    Locked WriteLock[0]
1264677915515 2010-01-28 03:25:15    Sleeping WriteLock[0] for 6053ms
1264677921568 2010-01-28 03:25:21  Released WriteLock[0]
1264677921568 2010-01-28 03:25:21  Sleeping WriteLock[0] for 4491ms
1264677926059 2010-01-28 03:25:26  Acquiring WriteLock[0]...
1264677926059 2010-01-28 03:25:26    Locked WriteLock[0]
1264677926059 2010-01-28 03:25:26    Sleeping WriteLock[0] for 4761ms
1264677930820 2010-01-28 03:25:30  Released WriteLock[0]
1264677930820 2010-01-28 03:25:30  Sleeping WriteLock[0] for 3719ms
1264677934539 2010-01-28 03:25:34  Acquiring WriteLock[0]...
1264677934539 2010-01-28 03:25:34    Locked WriteLock[0]
1264677934539 2010-01-28 03:25:34    Sleeping WriteLock[0] for 12854ms
1264677947394 2010-01-28 03:25:47  Released WriteLock[0]
1264677947394 2010-01-28 03:25:47  Sleeping WriteLock[0] for 1077ms
1264677948471 2010-01-28 03:25:48  Acquiring WriteLock[0]...
1264677948471 2010-01-28 03:25:48    Locked WriteLock[0]
1264677948471 2010-01-28 03:25:48    Sleeping WriteLock[0] for 12677ms
1264677961148 2010-01-28 03:26:01  Released WriteLock[0]
1264677961148 2010-01-28 03:26:01  Sleeping WriteLock[0] for 2473ms
1264677963621 2010-01-28 03:26:03  Acquiring WriteLock[0]...
1264677963621 2010-01-28 03:26:03    Locked WriteLock[0]
1264677963621 2010-01-28 03:26:03    Sleeping WriteLock[0] for 9262ms
1264677972883 2010-01-28 03:26:12  Released WriteLock[0]
1264677972884 2010-01-28 03:26:12  Sleeping WriteLock[0] for 1095ms
1264677973979 2010-01-28 03:26:13  Acquiring WriteLock[0]...
1264677973979 2010-01-28 03:26:13    Locked WriteLock[0]
1264677973979 2010-01-28 03:26:13    Sleeping WriteLock[0] for 13844ms
1264677987823 2010-01-28 03:26:27  Released WriteLock[0]
1264677987823 2010-01-28 03:26:27  Sleeping WriteLock[0] for 84ms
1264677987907 2010-01-28 03:26:27  Acquiring WriteLock[0]...
1264677987907 2010-01-28 03:26:27    Locked WriteLock[0]
1264677987907 2010-01-28 03:26:27    Sleeping WriteLock[0] for 7875ms
1264677995782 2010-01-28 03:26:35  Released WriteLock[0]
1264677995782 2010-01-28 03:26:35  Sleeping WriteLock[0] for 2241ms
1264677998024 2010-01-28 03:26:38  Acquiring WriteLock[0]...
1264677998024 2010-01-28 03:26:38    Locked WriteLock[0]
1264677998024 2010-01-28 03:26:38    Sleeping WriteLock[0] for 12320ms
1264678010344 2010-01-28 03:26:50  Released WriteLock[0]
1264678010344 2010-01-28 03:26:50  FINISHED WriteLock[0] THREAD.
Waiting for ReadLock[1] Thread to Finish...
Waiting for ReadLock[2] Thread to Finish...
Waiting for ReadLock[3] Thread to Finish...
Waiting for ReadLock[4] Thread to Finish...
Waiting for ReadLock[5] Thread to Finish...
Waiting for ReadLock[6] Thread to Finish...
Waiting for ReadLock[7] Thread to Finish...
Waiting for ReadLock[8] Thread to Finish...
Waiting for ReadLock[9] Thread to Finish...

Compilation finished at Thu Jan 28 03:26:50
